<?xml version="1.0" encoding="UTF-8"?>
<robot generator="Robot 5.0 (Python 3.10.4 on win32)" generated="20230803 00:16:52.079" rpa="false" schemaversion="3">
<suite id="s1" name="Tests" source="C:\QAx\projects\buger-eats-partner-api-tests\tests">
<suite id="s1-s1" name="argumentsAPI" source="C:\QAx\projects\buger-eats-partner-api-tests\tests\argumentsAPI.robot">
<test id="s1-s1-t1" name="Enviar requisicao GET e Verificar Status" line="14">
<kw name="Verificando status code GET">
<arg>${BASE_URL}${END_P}</arg>
<arg>200</arg>
<kw name="GET" library="RequestsLibrary">
<var>${response}</var>
<arg>${url}</arg>
<doc>Sends a GET request.</doc>
<msg timestamp="20230803 00:16:52.286" level="INFO">GET Request : url=https://reqres.in/api/users?page=2 
 path_url=/api/users?page=2 
 headers={'User-Agent': 'python-requests/2.28.1', 'Accept-Encoding': 'gzip, deflate', 'Accept': '*/*', 'Connection': 'keep-alive'} 
 body=None 
 </msg>
<msg timestamp="20230803 00:16:52.286" level="INFO">GET Response : url=https://reqres.in/api/users?page=2 
 status=200, reason=OK 
 headers={'Date': 'Thu, 03 Aug 2023 03:16:40 GMT', 'Content-Type': 'application/json; charset=utf-8', 'Transfer-Encoding': 'chunked', 'Connection': 'keep-alive', 'X-Powered-By': 'Express', 'Access-Control-Allow-Origin': '*', 'Etag': 'W/"406-ut0vzoCuidvyMf8arZpMpJ6ZRDw"', 'Via': '1.1 vegur', 'Cache-Control': 'max-age=14400', 'CF-Cache-Status': 'HIT', 'Age': '5959', 'Report-To': '{"endpoints":[{"url":"https:\\/\\/a.nel.cloudflare.com\\/report\\/v3?s=hKqK7a2%2FA7%2FdTJxukXkV4qklis2ItelNNNPOyKqcYGq89nIZmDtCl6m06UujzbN%2FWJ3R%2FJv5DkByWT%2Bdjt9WkSNITXYuDRP4E5SNDluMTfqTrYZ%2BqGiSqN3jksSs56OCKliYO8RUgw%3D%3D"}],"group":"cf-nel","max_age":604800}', 'NEL': '{"success_fraction":0,"report_to":"cf-nel","max_age":604800}', 'Vary': 'Accept-Encoding', 'Server': 'cloudflare', 'CF-RAY': '7f0b673809f31a95-GRU', 'Content-Encoding': 'gzip'} 
 body={"page":2,"per_page":6,"total":12,"total_pages":2,"data":[{"id":7,"email":"michael.lawson@reqres.in","first_name":"Michael","last_name":"Lawson","avatar":"https://reqres.in/img/faces/7-image.jpg"},{"id":8,"email":"lindsay.ferguson@reqres.in","first_name":"Lindsay","last_name":"Ferguson","avatar":"https://reqres.in/img/faces/8-image.jpg"},{"id":9,"email":"tobias.funke@reqres.in","first_name":"Tobias","last_name":"Funke","avatar":"https://reqres.in/img/faces/9-image.jpg"},{"id":10,"email":"byron.fields@reqres.in","first_name":"Byron","last_name":"Fields","avatar":"https://reqres.in/img/faces/10-image.jpg"},{"id":11,"email":"george.edwards@reqres.in","first_name":"George","last_name":"Edwards","avatar":"https://reqres.in/img/faces/11-image.jpg"},{"id":12,"email":"rachel.howell@reqres.in","first_name":"Rachel","last_name":"Howell","avatar":"https://reqres.in/img/faces/12-image.jpg"}],"support":{"url":"https://reqres.in/#support-heading","text":"To keep ReqRes free, contributions towards server costs are appreciated!"}} 
 </msg>
<msg timestamp="20230803 00:16:52.286" level="INFO">${response} = &lt;Response [200]&gt;</msg>
<status status="PASS" starttime="20230803 00:16:52.163" endtime="20230803 00:16:52.286"/>
</kw>
<kw name="Status Should Be" library="RequestsLibrary">
<arg>${status_esperado}</arg>
<doc>Fails if response status code is different than the expected.</doc>
<status status="PASS" starttime="20230803 00:16:52.286" endtime="20230803 00:16:52.287"/>
</kw>
<status status="PASS" starttime="20230803 00:16:52.163" endtime="20230803 00:16:52.287"/>
</kw>
<tag>get</tag>
<status status="PASS" starttime="20230803 00:16:52.163" endtime="20230803 00:16:52.287"/>
</test>
<test id="s1-s1-t2" name="Enviar requisicao POST e verificar POST" line="18">
<kw name="Create Dictionary" library="BuiltIn">
<var>${body}</var>
<arg>name=Ralph</arg>
<arg>job=TechLead</arg>
<doc>Creates and returns a dictionary based on the given ``items``.</doc>
<msg timestamp="20230803 00:16:52.288" level="INFO">${body} = {'name': 'Ralph', 'job': 'TechLead'}</msg>
<status status="PASS" starttime="20230803 00:16:52.288" endtime="20230803 00:16:52.288"/>
</kw>
<kw name="Verificando status code POST">
<arg>${BASE_URL}${END_P1}</arg>
<arg>${body}</arg>
<kw name="Create Dictionary" library="BuiltIn">
<var>${headers}</var>
<arg>Content-Type=application/json</arg>
<doc>Creates and returns a dictionary based on the given ``items``.</doc>
<msg timestamp="20230803 00:16:52.289" level="INFO">${headers} = {'Content-Type': 'application/json'}</msg>
<status status="PASS" starttime="20230803 00:16:52.289" endtime="20230803 00:16:52.289"/>
</kw>
<kw name="POST" library="RequestsLibrary">
<var>${response}</var>
<arg>${url}</arg>
<arg>json=${payload}</arg>
<arg>headers=${headers}</arg>
<doc>Sends a POST request.</doc>
<msg timestamp="20230803 00:16:52.786" level="INFO">POST Request : url=https://reqres.in/api/users 
 path_url=/api/users 
 headers={'User-Agent': 'python-requests/2.28.1', 'Accept-Encoding': 'gzip, deflate', 'Accept': '*/*', 'Connection': 'keep-alive', 'Content-Type': 'application/json', 'Content-Length': '36'} 
 body=b'{"name": "Ralph", "job": "TechLead"}' 
 </msg>
<msg timestamp="20230803 00:16:52.786" level="INFO">POST Response : url=https://reqres.in/api/users 
 status=201, reason=Created 
 headers={'Date': 'Thu, 03 Aug 2023 03:16:40 GMT', 'Content-Type': 'application/json; charset=utf-8', 'Content-Length': '82', 'Connection': 'keep-alive', 'X-Powered-By': 'Express', 'Access-Control-Allow-Origin': '*', 'Etag': 'W/"52-hMsWZZtCMGYlYxNxJNDhzHWOT4A"', 'Via': '1.1 vegur', 'CF-Cache-Status': 'DYNAMIC', 'Report-To': '{"endpoints":[{"url":"https:\\/\\/a.nel.cloudflare.com\\/report\\/v3?s=rtr4M%2F%2Bv%2BWVlU2sasj9FEs8HP1xlTyMQdXQNqBRmyAZLsT6B0etObujf%2FV5qoMjweQi21ncsClCmBZ58VI7a7txM01ey4bRav0Imo7AwfIV2uwxITHs8IlFPaoTN2PjrOZLjbgV0PA%3D%3D"}],"group":"cf-nel","max_age":604800}', 'NEL': '{"success_fraction":0,"report_to":"cf-nel","max_age":604800}', 'Server': 'cloudflare', 'CF-RAY': '7f0b673879a91af4-GRU'} 
 body={"name":"Ralph","job":"TechLead","id":"37","createdAt":"2023-08-03T03:16:40.730Z"} 
 </msg>
<msg timestamp="20230803 00:16:52.786" level="INFO">${response} = &lt;Response [201]&gt;</msg>
<status status="PASS" starttime="20230803 00:16:52.289" endtime="20230803 00:16:52.786"/>
</kw>
<kw name="Status Should Be" library="RequestsLibrary">
<arg>201</arg>
<doc>Fails if response status code is different than the expected.</doc>
<status status="PASS" starttime="20230803 00:16:52.787" endtime="20230803 00:16:52.787"/>
</kw>
<status status="PASS" starttime="20230803 00:16:52.289" endtime="20230803 00:16:52.787"/>
</kw>
<tag>post</tag>
<status status="PASS" starttime="20230803 00:16:52.288" endtime="20230803 00:16:52.787"/>
</test>
<doc>Criando exercícios para fixar métodos e argumentos</doc>
<status status="PASS" starttime="20230803 00:16:52.094" endtime="20230803 00:16:52.788"/>
</suite>
<suite id="s1-s2" name="Delete" source="C:\QAx\projects\buger-eats-partner-api-tests\tests\delete.robot">
<test id="s1-s2-t1" name="Should remove a partners" line="9">
<kw name="Factory Remove Partner" library="partner">
<var>${partner}</var>
<msg timestamp="20230803 00:16:52.942" level="INFO">${partner} = {'name': 'Adega do Ralphito', 'email': 'contato@adr.io', 'whatsapp': '41999999999', 'business': 'Conveniência'}</msg>
<status status="PASS" starttime="20230803 00:16:52.942" endtime="20230803 00:16:52.942"/>
</kw>
<kw name="Create a new partner" library="helpers">
<var>${partner_id}</var>
<arg>${partner}</arg>
<kw name="Remove Partner By Name" library="database">
<arg>${partner}[name]</arg>
<kw name="Create Dictionary" library="BuiltIn">
<var>${filter}</var>
<arg>name=${partner_name}</arg>
<doc>Creates and returns a dictionary based on the given ``items``.</doc>
<msg timestamp="20230803 00:16:52.943" level="INFO">${filter} = {'name': 'Adega do Ralphito'}</msg>
<status status="PASS" starttime="20230803 00:16:52.942" endtime="20230803 00:16:52.943"/>
</kw>
<kw name="Delete One" library="RobotMongoDBLibrary.Delete">
<arg>${MONGO_URI}</arg>
<arg>${filter}</arg>
<status status="PASS" starttime="20230803 00:16:52.943" endtime="20230803 00:16:54.377"/>
</kw>
<status status="PASS" starttime="20230803 00:16:52.942" endtime="20230803 00:16:54.377"/>
</kw>
<kw name="POST Partner" library="services">
<var>${response}</var>
<arg>${partner}</arg>
<kw name="POST" library="RequestsLibrary">
<var>${response}</var>
<arg>${BASE_URL}</arg>
<arg>json=${payload}</arg>
<arg>headers=${HEADERS}</arg>
<arg>expected_status=any</arg>
<doc>Sends a POST request.</doc>
<msg timestamp="20230803 00:16:54.522" level="INFO">POST Request : url=http://localhost:3333/partners 
 path_url=/partners 
 headers={'User-Agent': 'python-requests/2.28.1', 'Accept-Encoding': 'gzip, deflate', 'Accept': '*/*', 'Connection': 'keep-alive', 'Content-Type': 'application/json', 'auth_user': 'qa', 'auth_password': 'ninja', 'Content-Length': '116'} 
 body=b'{"name": "Adega do Ralphito", "email": "contato@adr.io", "whatsapp": "41999999999", "business": "Conveni\\u00eancia"}' 
 </msg>
<msg timestamp="20230803 00:16:54.522" level="INFO">POST Response : url=http://localhost:3333/partners 
 status=201, reason=Created 
 headers={'X-Powered-By': 'Express', 'Access-Control-Allow-Origin': '*', 'Access-Control-Expose-Headers': 'Authorization,auth_user,auth_password', 'Content-Type': 'application/json; charset=utf-8', 'Content-Length': '41', 'ETag': 'W/"29-iMTttnK1u8H6jXh9mH66LTNPcoU"', 'Date': 'Thu, 03 Aug 2023 03:16:54 GMT', 'Connection': 'keep-alive', 'Keep-Alive': 'timeout=5'} 
 body={"partner_id":"64cb1c266a1f2be3556f9e06"} 
 </msg>
<msg timestamp="20230803 00:16:54.522" level="INFO">${response} = &lt;Response [201]&gt;</msg>
<status status="PASS" starttime="20230803 00:16:54.377" endtime="20230803 00:16:54.522"/>
</kw>
<return>
<value>${response}</value>
<status status="PASS" starttime="20230803 00:16:54.522" endtime="20230803 00:16:54.522"/>
</return>
<msg timestamp="20230803 00:16:54.522" level="INFO">${response} = &lt;Response [201]&gt;</msg>
<status status="PASS" starttime="20230803 00:16:54.377" endtime="20230803 00:16:54.522"/>
</kw>
<kw name="Set Variable" library="BuiltIn">
<var>${partner_id}</var>
<arg>${response.json()}[partner_id]</arg>
<doc>Returns the given values which can then be assigned to a variables.</doc>
<msg timestamp="20230803 00:16:54.523" level="INFO">${partner_id} = 64cb1c266a1f2be3556f9e06</msg>
<status status="PASS" starttime="20230803 00:16:54.522" endtime="20230803 00:16:54.523"/>
</kw>
<msg timestamp="20230803 00:16:54.523" level="INFO">${partner_id} = 64cb1c266a1f2be3556f9e06</msg>
<status status="PASS" starttime="20230803 00:16:52.942" endtime="20230803 00:16:54.523"/>
</kw>
<kw name="Delete Partner" library="services">
<arg>${partner_id}</arg>
<kw name="DELETE" library="RequestsLibrary">
<var>${response}</var>
<arg>${BASE_URL}/${partner_id}</arg>
<arg>headers=${HEADERS}</arg>
<arg>expected_status=any</arg>
<doc>Sends a DELETE request.</doc>
<msg timestamp="20230803 00:16:54.667" level="INFO">DELETE Request : url=http://localhost:3333/partners/64cb1c266a1f2be3556f9e06 
 path_url=/partners/64cb1c266a1f2be3556f9e06 
 headers={'User-Agent': 'python-requests/2.28.1', 'Accept-Encoding': 'gzip, deflate', 'Accept': '*/*', 'Connection': 'keep-alive', 'Content-Type': 'application/json', 'auth_user': 'qa', 'auth_password': 'ninja', 'Content-Length': '0'} 
 body=None 
 </msg>
<msg timestamp="20230803 00:16:54.667" level="INFO">DELETE Response : url=http://localhost:3333/partners/64cb1c266a1f2be3556f9e06 
 status=204, reason=No Content 
 headers={'X-Powered-By': 'Express', 'Access-Control-Allow-Origin': '*', 'Access-Control-Expose-Headers': 'Authorization,auth_user,auth_password', 'Date': 'Thu, 03 Aug 2023 03:16:54 GMT', 'Connection': 'keep-alive', 'Keep-Alive': 'timeout=5'} 
 body=None 
 </msg>
<msg timestamp="20230803 00:16:54.668" level="INFO">${response} = &lt;Response [204]&gt;</msg>
<status status="PASS" starttime="20230803 00:16:54.523" endtime="20230803 00:16:54.668"/>
</kw>
<return>
<value>${response}</value>
<status status="PASS" starttime="20230803 00:16:54.668" endtime="20230803 00:16:54.668"/>
</return>
<status status="PASS" starttime="20230803 00:16:54.523" endtime="20230803 00:16:54.668"/>
</kw>
<kw name="Status Should Be" library="RequestsLibrary">
<arg>204</arg>
<doc>Fails if response status code is different than the expected.</doc>
<status status="PASS" starttime="20230803 00:16:54.668" endtime="20230803 00:16:54.668"/>
</kw>
<status status="PASS" starttime="20230803 00:16:52.941" endtime="20230803 00:16:54.668"/>
</test>
<test id="s1-s2-t2" name="Should return 404 on remove partner" line="18">
<kw name="Factory 404 Partner" library="partner">
<var>${partner}</var>
<msg timestamp="20230803 00:16:54.670" level="INFO">${partner} = {'name': 'Frangão', 'email': 'contato@frangao.io', 'whatsapp': '41999999999', 'business': 'Restaurante'}</msg>
<status status="PASS" starttime="20230803 00:16:54.669" endtime="20230803 00:16:54.670"/>
</kw>
<kw name="Create a new partner" library="helpers">
<var>${partner_id}</var>
<arg>${partner}</arg>
<kw name="Remove Partner By Name" library="database">
<arg>${partner}[name]</arg>
<kw name="Create Dictionary" library="BuiltIn">
<var>${filter}</var>
<arg>name=${partner_name}</arg>
<doc>Creates and returns a dictionary based on the given ``items``.</doc>
<msg timestamp="20230803 00:16:54.670" level="INFO">${filter} = {'name': 'Frangão'}</msg>
<status status="PASS" starttime="20230803 00:16:54.670" endtime="20230803 00:16:54.670"/>
</kw>
<kw name="Delete One" library="RobotMongoDBLibrary.Delete">
<arg>${MONGO_URI}</arg>
<arg>${filter}</arg>
<status status="PASS" starttime="20230803 00:16:54.670" endtime="20230803 00:16:56.011"/>
</kw>
<status status="PASS" starttime="20230803 00:16:54.670" endtime="20230803 00:16:56.011"/>
</kw>
<kw name="POST Partner" library="services">
<var>${response}</var>
<arg>${partner}</arg>
<kw name="POST" library="RequestsLibrary">
<var>${response}</var>
<arg>${BASE_URL}</arg>
<arg>json=${payload}</arg>
<arg>headers=${HEADERS}</arg>
<arg>expected_status=any</arg>
<doc>Sends a POST request.</doc>
<msg timestamp="20230803 00:16:56.156" level="INFO">POST Request : url=http://localhost:3333/partners 
 path_url=/partners 
 headers={'User-Agent': 'python-requests/2.28.1', 'Accept-Encoding': 'gzip, deflate', 'Accept': '*/*', 'Connection': 'keep-alive', 'Content-Type': 'application/json', 'auth_user': 'qa', 'auth_password': 'ninja', 'Content-Length': '109'} 
 body=b'{"name": "Frang\\u00e3o", "email": "contato@frangao.io", "whatsapp": "41999999999", "business": "Restaurante"}' 
 </msg>
<msg timestamp="20230803 00:16:56.156" level="INFO">POST Response : url=http://localhost:3333/partners 
 status=201, reason=Created 
 headers={'X-Powered-By': 'Express', 'Access-Control-Allow-Origin': '*', 'Access-Control-Expose-Headers': 'Authorization,auth_user,auth_password', 'Content-Type': 'application/json; charset=utf-8', 'Content-Length': '41', 'ETag': 'W/"29-R7g42JjPPBmKKjVq5wyulL+Dr9s"', 'Date': 'Thu, 03 Aug 2023 03:16:56 GMT', 'Connection': 'keep-alive', 'Keep-Alive': 'timeout=5'} 
 body={"partner_id":"64cb1c286a1f2be3556f9e09"} 
 </msg>
<msg timestamp="20230803 00:16:56.156" level="INFO">${response} = &lt;Response [201]&gt;</msg>
<status status="PASS" starttime="20230803 00:16:56.011" endtime="20230803 00:16:56.156"/>
</kw>
<return>
<value>${response}</value>
<status status="PASS" starttime="20230803 00:16:56.156" endtime="20230803 00:16:56.156"/>
</return>
<msg timestamp="20230803 00:16:56.156" level="INFO">${response} = &lt;Response [201]&gt;</msg>
<status status="PASS" starttime="20230803 00:16:56.011" endtime="20230803 00:16:56.156"/>
</kw>
<kw name="Set Variable" library="BuiltIn">
<var>${partner_id}</var>
<arg>${response.json()}[partner_id]</arg>
<doc>Returns the given values which can then be assigned to a variables.</doc>
<msg timestamp="20230803 00:16:56.157" level="INFO">${partner_id} = 64cb1c286a1f2be3556f9e09</msg>
<status status="PASS" starttime="20230803 00:16:56.156" endtime="20230803 00:16:56.157"/>
</kw>
<msg timestamp="20230803 00:16:56.157" level="INFO">${partner_id} = 64cb1c286a1f2be3556f9e09</msg>
<status status="PASS" starttime="20230803 00:16:54.670" endtime="20230803 00:16:56.157"/>
</kw>
<kw name="Remove Partner By Name" library="database">
<arg>${partner}[name]</arg>
<kw name="Create Dictionary" library="BuiltIn">
<var>${filter}</var>
<arg>name=${partner_name}</arg>
<doc>Creates and returns a dictionary based on the given ``items``.</doc>
<msg timestamp="20230803 00:16:56.158" level="INFO">${filter} = {'name': 'Frangão'}</msg>
<status status="PASS" starttime="20230803 00:16:56.157" endtime="20230803 00:16:56.158"/>
</kw>
<kw name="Delete One" library="RobotMongoDBLibrary.Delete">
<arg>${MONGO_URI}</arg>
<arg>${filter}</arg>
<status status="PASS" starttime="20230803 00:16:56.158" endtime="20230803 00:16:57.488"/>
</kw>
<status status="PASS" starttime="20230803 00:16:56.157" endtime="20230803 00:16:57.488"/>
</kw>
<kw name="Delete Partner" library="services">
<arg>${partner_id}</arg>
<kw name="DELETE" library="RequestsLibrary">
<var>${response}</var>
<arg>${BASE_URL}/${partner_id}</arg>
<arg>headers=${HEADERS}</arg>
<arg>expected_status=any</arg>
<doc>Sends a DELETE request.</doc>
<msg timestamp="20230803 00:16:57.629" level="INFO">DELETE Request : url=http://localhost:3333/partners/64cb1c286a1f2be3556f9e09 
 path_url=/partners/64cb1c286a1f2be3556f9e09 
 headers={'User-Agent': 'python-requests/2.28.1', 'Accept-Encoding': 'gzip, deflate', 'Accept': '*/*', 'Connection': 'keep-alive', 'Content-Type': 'application/json', 'auth_user': 'qa', 'auth_password': 'ninja', 'Content-Length': '0'} 
 body=None 
 </msg>
<msg timestamp="20230803 00:16:57.629" level="INFO">DELETE Response : url=http://localhost:3333/partners/64cb1c286a1f2be3556f9e09 
 status=404, reason=Not Found 
 headers={'X-Powered-By': 'Express', 'Access-Control-Allow-Origin': '*', 'Access-Control-Expose-Headers': 'Authorization,auth_user,auth_password', 'Date': 'Thu, 03 Aug 2023 03:16:57 GMT', 'Connection': 'keep-alive', 'Keep-Alive': 'timeout=5', 'Content-Length': '0'} 
 body=None 
 </msg>
<msg timestamp="20230803 00:16:57.629" level="INFO">${response} = &lt;Response [404]&gt;</msg>
<status status="PASS" starttime="20230803 00:16:57.489" endtime="20230803 00:16:57.629"/>
</kw>
<return>
<value>${response}</value>
<status status="PASS" starttime="20230803 00:16:57.629" endtime="20230803 00:16:57.629"/>
</return>
<status status="PASS" starttime="20230803 00:16:57.489" endtime="20230803 00:16:57.630"/>
</kw>
<kw name="Status Should Be" library="RequestsLibrary">
<arg>404</arg>
<doc>Fails if response status code is different than the expected.</doc>
<status status="PASS" starttime="20230803 00:16:57.630" endtime="20230803 00:16:57.630"/>
</kw>
<status status="PASS" starttime="20230803 00:16:54.669" endtime="20230803 00:16:57.630"/>
</test>
<doc>DELETE /partners</doc>
<status status="PASS" starttime="20230803 00:16:52.789" endtime="20230803 00:16:57.631"/>
</suite>
<suite id="s1-s3" name="Get" source="C:\QAx\projects\buger-eats-partner-api-tests\tests\get.robot">
<kw name="Create Partner List" type="SETUP">
<kw name="Factory Partner List" library="partner">
<var>${partners}</var>
<msg timestamp="20230803 00:16:57.638" level="INFO">${partners} = [{'name': 'Ralph Safadao', 'email': 'safadao@eu.io', 'whatsapp': '41999991002', 'business': 'Conveniência'}, {'name': 'Ralph Danadao', 'email': 'danadao@eu.io', 'whatsapp': '41999991001', 'business': ...</msg>
<status status="PASS" starttime="20230803 00:16:57.638" endtime="20230803 00:16:57.638"/>
</kw>
<for flavor="IN">
<var>${p}</var>
<value>@{partners}</value>
<iter>
<var name="${p}">{'name': 'Ralph Safadao', 'email': 'safadao@eu.io', 'whatsapp': '41999991002', 'business': 'Conveniência'}</var>
<kw name="POST Partner" library="services">
<arg>${p}</arg>
<kw name="POST" library="RequestsLibrary">
<var>${response}</var>
<arg>${BASE_URL}</arg>
<arg>json=${payload}</arg>
<arg>headers=${HEADERS}</arg>
<arg>expected_status=any</arg>
<doc>Sends a POST request.</doc>
<msg timestamp="20230803 00:16:57.781" level="INFO">POST Request : url=http://localhost:3333/partners 
 path_url=/partners 
 headers={'User-Agent': 'python-requests/2.28.1', 'Accept-Encoding': 'gzip, deflate', 'Accept': '*/*', 'Connection': 'keep-alive', 'Content-Type': 'application/json', 'auth_user': 'qa', 'auth_password': 'ninja', 'Content-Length': '111'} 
 body=b'{"name": "Ralph Safadao", "email": "safadao@eu.io", "whatsapp": "41999991002", "business": "Conveni\\u00eancia"}' 
 </msg>
<msg timestamp="20230803 00:16:57.781" level="INFO">POST Response : url=http://localhost:3333/partners 
 status=409, reason=Conflict 
 headers={'X-Powered-By': 'Express', 'Access-Control-Allow-Origin': '*', 'Access-Control-Expose-Headers': 'Authorization,auth_user,auth_password', 'Content-Type': 'application/json; charset=utf-8', 'Content-Length': '36', 'ETag': 'W/"24-npRjBxR/ioA1Ds6xvIHfcGoYoY4"', 'Date': 'Thu, 03 Aug 2023 03:16:57 GMT', 'Connection': 'keep-alive', 'Keep-Alive': 'timeout=5'} 
 body={"message":"Duplicate company name"} 
 </msg>
<msg timestamp="20230803 00:16:57.781" level="INFO">${response} = &lt;Response [409]&gt;</msg>
<status status="PASS" starttime="20230803 00:16:57.639" endtime="20230803 00:16:57.781"/>
</kw>
<return>
<value>${response}</value>
<status status="PASS" starttime="20230803 00:16:57.782" endtime="20230803 00:16:57.782"/>
</return>
<status status="PASS" starttime="20230803 00:16:57.639" endtime="20230803 00:16:57.782"/>
</kw>
<status status="PASS" starttime="20230803 00:16:57.639" endtime="20230803 00:16:57.782"/>
</iter>
<iter>
<var name="${p}">{'name': 'Ralph Danadao', 'email': 'danadao@eu.io', 'whatsapp': '41999991001', 'business': 'Supermercado'}</var>
<kw name="POST Partner" library="services">
<arg>${p}</arg>
<kw name="POST" library="RequestsLibrary">
<var>${response}</var>
<arg>${BASE_URL}</arg>
<arg>json=${payload}</arg>
<arg>headers=${HEADERS}</arg>
<arg>expected_status=any</arg>
<doc>Sends a POST request.</doc>
<msg timestamp="20230803 00:16:57.923" level="INFO">POST Request : url=http://localhost:3333/partners 
 path_url=/partners 
 headers={'User-Agent': 'python-requests/2.28.1', 'Accept-Encoding': 'gzip, deflate', 'Accept': '*/*', 'Connection': 'keep-alive', 'Content-Type': 'application/json', 'auth_user': 'qa', 'auth_password': 'ninja', 'Content-Length': '106'} 
 body=b'{"name": "Ralph Danadao", "email": "danadao@eu.io", "whatsapp": "41999991001", "business": "Supermercado"}' 
 </msg>
<msg timestamp="20230803 00:16:57.923" level="INFO">POST Response : url=http://localhost:3333/partners 
 status=409, reason=Conflict 
 headers={'X-Powered-By': 'Express', 'Access-Control-Allow-Origin': '*', 'Access-Control-Expose-Headers': 'Authorization,auth_user,auth_password', 'Content-Type': 'application/json; charset=utf-8', 'Content-Length': '36', 'ETag': 'W/"24-npRjBxR/ioA1Ds6xvIHfcGoYoY4"', 'Date': 'Thu, 03 Aug 2023 03:16:57 GMT', 'Connection': 'keep-alive', 'Keep-Alive': 'timeout=5'} 
 body={"message":"Duplicate company name"} 
 </msg>
<msg timestamp="20230803 00:16:57.923" level="INFO">${response} = &lt;Response [409]&gt;</msg>
<status status="PASS" starttime="20230803 00:16:57.782" endtime="20230803 00:16:57.923"/>
</kw>
<return>
<value>${response}</value>
<status status="PASS" starttime="20230803 00:16:57.923" endtime="20230803 00:16:57.923"/>
</return>
<status status="PASS" starttime="20230803 00:16:57.782" endtime="20230803 00:16:57.923"/>
</kw>
<status status="PASS" starttime="20230803 00:16:57.782" endtime="20230803 00:16:57.923"/>
</iter>
<iter>
<var name="${p}">{'name': 'Ralph Garanhao', 'email': 'garanhao@eu.io', 'whatsapp': '41999991003', 'business': 'Restaurante'}</var>
<kw name="POST Partner" library="services">
<arg>${p}</arg>
<kw name="POST" library="RequestsLibrary">
<var>${response}</var>
<arg>${BASE_URL}</arg>
<arg>json=${payload}</arg>
<arg>headers=${HEADERS}</arg>
<arg>expected_status=any</arg>
<doc>Sends a POST request.</doc>
<msg timestamp="20230803 00:16:58.065" level="INFO">POST Request : url=http://localhost:3333/partners 
 path_url=/partners 
 headers={'User-Agent': 'python-requests/2.28.1', 'Accept-Encoding': 'gzip, deflate', 'Accept': '*/*', 'Connection': 'keep-alive', 'Content-Type': 'application/json', 'auth_user': 'qa', 'auth_password': 'ninja', 'Content-Length': '107'} 
 body=b'{"name": "Ralph Garanhao", "email": "garanhao@eu.io", "whatsapp": "41999991003", "business": "Restaurante"}' 
 </msg>
<msg timestamp="20230803 00:16:58.065" level="INFO">POST Response : url=http://localhost:3333/partners 
 status=409, reason=Conflict 
 headers={'X-Powered-By': 'Express', 'Access-Control-Allow-Origin': '*', 'Access-Control-Expose-Headers': 'Authorization,auth_user,auth_password', 'Content-Type': 'application/json; charset=utf-8', 'Content-Length': '36', 'ETag': 'W/"24-npRjBxR/ioA1Ds6xvIHfcGoYoY4"', 'Date': 'Thu, 03 Aug 2023 03:16:58 GMT', 'Connection': 'keep-alive', 'Keep-Alive': 'timeout=5'} 
 body={"message":"Duplicate company name"} 
 </msg>
<msg timestamp="20230803 00:16:58.065" level="INFO">${response} = &lt;Response [409]&gt;</msg>
<status status="PASS" starttime="20230803 00:16:57.923" endtime="20230803 00:16:58.065"/>
</kw>
<return>
<value>${response}</value>
<status status="PASS" starttime="20230803 00:16:58.065" endtime="20230803 00:16:58.065"/>
</return>
<status status="PASS" starttime="20230803 00:16:57.923" endtime="20230803 00:16:58.065"/>
</kw>
<status status="PASS" starttime="20230803 00:16:57.923" endtime="20230803 00:16:58.065"/>
</iter>
<status status="PASS" starttime="20230803 00:16:57.638" endtime="20230803 00:16:58.065"/>
</for>
<status status="PASS" starttime="20230803 00:16:57.638" endtime="20230803 00:16:58.065"/>
</kw>
<test id="s1-s3-t1" name="Should return a partner list" line="11">
<kw name="GET Partners" library="services">
<var>${response}</var>
<kw name="GET" library="RequestsLibrary">
<var>${response}</var>
<arg>${BASE_URL}</arg>
<arg>headers=${HEADERS}</arg>
<arg>expected_status=any</arg>
<doc>Sends a GET request.</doc>
<msg timestamp="20230803 00:16:58.199" level="INFO">GET Request : url=http://localhost:3333/partners 
 path_url=/partners 
 headers={'User-Agent': 'python-requests/2.28.1', 'Accept-Encoding': 'gzip, deflate', 'Accept': '*/*', 'Connection': 'keep-alive', 'Content-Type': 'application/json', 'auth_user': 'qa', 'auth_password': 'ninja'} 
 body=None 
 </msg>
<msg timestamp="20230803 00:16:58.199" level="INFO">GET Response : url=http://localhost:3333/partners 
 status=200, reason=OK 
 headers={'X-Powered-By': 'Express', 'Access-Control-Allow-Origin': '*', 'Access-Control-Expose-Headers': 'Authorization,auth_user,auth_password', 'Content-Type': 'application/json; charset=utf-8', 'Content-Length': '1367', 'ETag': 'W/"557-9qlX9k04VuLv62EgBPBH169ku3Q"', 'Date': 'Thu, 03 Aug 2023 03:16:58 GMT', 'Connection': 'keep-alive', 'Keep-Alive': 'timeout=5'} 
 body=[{"_id":"64cb1bbd6a1f2be3556f9e04","name":"Ralph Mangiare","email":"ralph@eu.io","whatsapp":"41999999999","business":"Restaurante","active":false,"created_at":"2023-08-03T03:15:09.234Z","updated_at":"2023-08-03T03:15:09.234Z"},{"_id":"64cb115d6a1f2be3556f9df2","name":"Mercado Noite","email":"noite@eu.io","whatsapp":"41999999999","business":"Supermercado","active":true,"created_at":"2023-08-03T02:30:53.797Z","updated_at":"2023-08-03T02:30:54.083Z"},{"_id":"64cb115c6a1f2be3556f9def","name":"Doceria do Ralph","email":"doces@eu.io","whatsapp":"41999999999","business":"Conveniência","active":true,"created_at":"2023-08-03T02:30:52.092Z","updated_at":"2023-08-03T02:30:52.236Z"},{"_id":"64c700d0c3e3c876a892c110","name":"Ralph Garanhao","email":"garanhao@eu.io","whatsapp":"41999991003","business":"Restaurante","active":false,"created_at":"2023-07-31T00:31:12.873Z","updated_at":"2023-07-31T01:40:12.105Z"},{"_id":"64c700d0c3e3c876a892c10e","name":"Ralph Danadao","email":"danadao@eu.io","whatsapp":"41999991001","business":"Supermercado","active":false,"created_at":"2023-07-31T00:31:12.732Z","updated_at":"2023-07-31T00:31:12.732Z"},{"_id":"64c700d0c3e3c876a892c10c","name":"Ralph Safadao","email":"safadao@eu.io","whatsapp":"41999991002","business":"Conveniência","active":false,"created_at":"2023-07-31T00:31:12.582Z","updated_at":"2023-07-31T00:31:12.582Z"}] 
 </msg>
<msg timestamp="20230803 00:16:58.199" level="INFO">${response} = &lt;Response [200]&gt;</msg>
<status status="PASS" starttime="20230803 00:16:58.066" endtime="20230803 00:16:58.199"/>
</kw>
<return>
<value>${response}</value>
<status status="PASS" starttime="20230803 00:16:58.199" endtime="20230803 00:16:58.199"/>
</return>
<msg timestamp="20230803 00:16:58.199" level="INFO">${response} = &lt;Response [200]&gt;</msg>
<status status="PASS" starttime="20230803 00:16:58.066" endtime="20230803 00:16:58.199"/>
</kw>
<kw name="Status Should Be" library="RequestsLibrary">
<arg>200</arg>
<doc>Fails if response status code is different than the expected.</doc>
<status status="PASS" starttime="20230803 00:16:58.208" endtime="20230803 00:16:58.208"/>
</kw>
<kw name="Get Length" library="BuiltIn">
<var>${size}</var>
<arg>${response.json()}</arg>
<doc>Returns and logs the length of the given item as an integer.</doc>
<msg timestamp="20230803 00:16:58.208" level="INFO">Length is 6</msg>
<msg timestamp="20230803 00:16:58.208" level="INFO">${size} = 6</msg>
<status status="PASS" starttime="20230803 00:16:58.208" endtime="20230803 00:16:58.208"/>
</kw>
<kw name="Should Be True" library="BuiltIn">
<arg>${size} &gt; 0</arg>
<doc>Fails if the given condition is not true.</doc>
<status status="PASS" starttime="20230803 00:16:58.208" endtime="20230803 00:16:58.208"/>
</kw>
<status status="PASS" starttime="20230803 00:16:58.066" endtime="20230803 00:16:58.208"/>
</test>
<test id="s1-s3-t2" name="Should search partner by name" line="19">
<kw name="Search Partner" library="services">
<var>${response}</var>
<arg>Ralph Safadao</arg>
<kw name="Create Dictionary" library="BuiltIn">
<var>${query}</var>
<arg>name=${name}</arg>
<doc>Creates and returns a dictionary based on the given ``items``.</doc>
<msg timestamp="20230803 00:16:58.210" level="INFO">${query} = {'name': 'Ralph Safadao'}</msg>
<status status="PASS" starttime="20230803 00:16:58.210" endtime="20230803 00:16:58.210"/>
</kw>
<kw name="GET" library="RequestsLibrary">
<var>${response}</var>
<arg>${BASE_URL}</arg>
<arg>params=${query}</arg>
<arg>headers=${HEADERS}</arg>
<arg>expected_status=any</arg>
<doc>Sends a GET request.</doc>
<msg timestamp="20230803 00:16:58.352" level="INFO">GET Request : url=http://localhost:3333/partners?name=Ralph+Safadao 
 path_url=/partners?name=Ralph+Safadao 
 headers={'User-Agent': 'python-requests/2.28.1', 'Accept-Encoding': 'gzip, deflate', 'Accept': '*/*', 'Connection': 'keep-alive', 'Content-Type': 'application/json', 'auth_user': 'qa', 'auth_password': 'ninja'} 
 body=None 
 </msg>
<msg timestamp="20230803 00:16:58.352" level="INFO">GET Response : url=http://localhost:3333/partners?name=Ralph+Safadao 
 status=200, reason=OK 
 headers={'X-Powered-By': 'Express', 'Access-Control-Allow-Origin': '*', 'Access-Control-Expose-Headers': 'Authorization,auth_user,auth_password', 'Content-Type': 'application/json; charset=utf-8', 'Content-Length': '230', 'ETag': 'W/"e6-xuN23X2K/oJm6s08SaKtpVYjNPI"', 'Date': 'Thu, 03 Aug 2023 03:16:58 GMT', 'Connection': 'keep-alive', 'Keep-Alive': 'timeout=5'} 
 body=[{"_id":"64c700d0c3e3c876a892c10c","name":"Ralph Safadao","email":"safadao@eu.io","whatsapp":"41999991002","business":"Conveniência","active":false,"created_at":"2023-07-31T00:31:12.582Z","updated_at":"2023-07-31T00:31:12.582Z"}] 
 </msg>
<msg timestamp="20230803 00:16:58.352" level="INFO">${response} = &lt;Response [200]&gt;</msg>
<status status="PASS" starttime="20230803 00:16:58.210" endtime="20230803 00:16:58.352"/>
</kw>
<return>
<value>${response}</value>
<status status="PASS" starttime="20230803 00:16:58.352" endtime="20230803 00:16:58.352"/>
</return>
<msg timestamp="20230803 00:16:58.352" level="INFO">${response} = &lt;Response [200]&gt;</msg>
<status status="PASS" starttime="20230803 00:16:58.209" endtime="20230803 00:16:58.353"/>
</kw>
<kw name="Status Should Be" library="RequestsLibrary">
<arg>200</arg>
<doc>Fails if response status code is different than the expected.</doc>
<status status="PASS" starttime="20230803 00:16:58.353" endtime="20230803 00:16:58.353"/>
</kw>
<kw name="Get Length" library="BuiltIn">
<var>${size}</var>
<arg>${response.json()}</arg>
<doc>Returns and logs the length of the given item as an integer.</doc>
<msg timestamp="20230803 00:16:58.354" level="INFO">Length is 1</msg>
<msg timestamp="20230803 00:16:58.354" level="INFO">${size} = 1</msg>
<status status="PASS" starttime="20230803 00:16:58.353" endtime="20230803 00:16:58.354"/>
</kw>
<kw name="Should Be True" library="BuiltIn">
<arg>${size} == 1</arg>
<doc>Fails if the given condition is not true.</doc>
<status status="PASS" starttime="20230803 00:16:58.354" endtime="20230803 00:16:58.354"/>
</kw>
<kw name="Should Be Equal" library="BuiltIn">
<arg>${response.json()}[0][name]</arg>
<arg>Ralph Safadao</arg>
<doc>Fails if the given objects are unequal.</doc>
<status status="PASS" starttime="20230803 00:16:58.354" endtime="20230803 00:16:58.355"/>
</kw>
<status status="PASS" starttime="20230803 00:16:58.209" endtime="20230803 00:16:58.355"/>
</test>
<doc>Get /partners</doc>
<status status="PASS" starttime="20230803 00:16:57.632" endtime="20230803 00:16:58.355"/>
</suite>
<suite id="s1-s4" name="Post" source="C:\QAx\projects\buger-eats-partner-api-tests\tests\post.robot">
<test id="s1-s4-t1" name="Should create a new partner" line="8">
<kw name="Purge Messages" library="rabbitmq">
<kw name="Create Dictionary" library="BuiltIn">
<var>${payload}</var>
<arg>vhost=qxqfqtki</arg>
<arg>name=email</arg>
<arg>mode=purge</arg>
<doc>Creates and returns a dictionary based on the given ``items``.</doc>
<msg timestamp="20230803 00:16:58.364" level="INFO">${payload} = {'vhost': 'qxqfqtki', 'name': 'email', 'mode': 'purge'}</msg>
<status status="PASS" starttime="20230803 00:16:58.363" endtime="20230803 00:16:58.364"/>
</kw>
<kw name="DELETE" library="RequestsLibrary">
<var>${response}</var>
<arg>${RABBIT_URL}/contents</arg>
<arg>json=${payload}</arg>
<arg>headers=${RABBIT_HEADERS}</arg>
<doc>Sends a DELETE request.</doc>
<msg timestamp="20230803 00:16:58.911" level="INFO">DELETE Request : url=https://shark.rmq.cloudamqp.com/api/queues/qxqfqtki/email/contents 
 path_url=/api/queues/qxqfqtki/email/contents 
 headers={'User-Agent': 'python-requests/2.28.1', 'Accept-Encoding': 'gzip, deflate', 'Accept': '*/*', 'Connection': 'keep-alive', 'Content-Type': 'pplication/json', 'Authorization': 'Basic cXhxZnF0a2k6WDRDMndiMTZPV0hGbXhybkpiMGFUWXVrT3J6eGc5Q3E=', 'Content-Length': '55'} 
 body=b'{"vhost": "qxqfqtki", "name": "email", "mode": "purge"}' 
 </msg>
<msg timestamp="20230803 00:16:58.911" level="INFO">DELETE Response : url=https://shark.rmq.cloudamqp.com/api/queues/qxqfqtki/email/contents 
 status=204, reason=No Content 
 headers={'Server': 'nginx', 'Date': 'Thu, 03 Aug 2023 03:16:46 GMT', 'Connection': 'keep-alive', 'content-security-policy': "script-src 'self' 'unsafe-eval' 'unsafe-inline'; object-src 'self', default-src 'none'; connect-src 'self'; img-src 'self'; script-src 'self' 'unsafe-eval' 'unsafe-inline'; style-src 'self' 'unsafe-inline'", 'vary': 'accept-encoding, origin', 'X-Content-Type-Options': 'nosniff', 'X-XSS-Protection': '1; mode=block', 'Strict-Transport-Security': 'max-age=631138519', 'X-Frame-Options': 'deny'} 
 body=None 
 </msg>
<msg timestamp="20230803 00:16:58.911" level="INFO">${response} = &lt;Response [204]&gt;</msg>
<status status="PASS" starttime="20230803 00:16:58.364" endtime="20230803 00:16:58.911"/>
</kw>
<status status="PASS" starttime="20230803 00:16:58.363" endtime="20230803 00:16:58.911"/>
</kw>
<kw name="Factory New Partner" library="partner">
<var>${partner}</var>
<msg timestamp="20230803 00:16:58.912" level="INFO">${partner} = {'name': 'Ralph Mangiare', 'email': 'ralph@eu.io', 'whatsapp': '41999999999', 'business': 'Restaurante'}</msg>
<status status="PASS" starttime="20230803 00:16:58.912" endtime="20230803 00:16:58.912"/>
</kw>
<kw name="Remove Partner By Name" library="database">
<arg>${partner}[name]</arg>
<kw name="Create Dictionary" library="BuiltIn">
<var>${filter}</var>
<arg>name=${partner_name}</arg>
<doc>Creates and returns a dictionary based on the given ``items``.</doc>
<msg timestamp="20230803 00:16:58.913" level="INFO">${filter} = {'name': 'Ralph Mangiare'}</msg>
<status status="PASS" starttime="20230803 00:16:58.912" endtime="20230803 00:16:58.913"/>
</kw>
<kw name="Delete One" library="RobotMongoDBLibrary.Delete">
<arg>${MONGO_URI}</arg>
<arg>${filter}</arg>
<status status="PASS" starttime="20230803 00:16:58.913" endtime="20230803 00:17:00.323"/>
</kw>
<status status="PASS" starttime="20230803 00:16:58.912" endtime="20230803 00:17:00.323"/>
</kw>
<kw name="POST Partner" library="services">
<var>${response}</var>
<arg>${partner}</arg>
<kw name="POST" library="RequestsLibrary">
<var>${response}</var>
<arg>${BASE_URL}</arg>
<arg>json=${payload}</arg>
<arg>headers=${HEADERS}</arg>
<arg>expected_status=any</arg>
<doc>Sends a POST request.</doc>
<msg timestamp="20230803 00:17:00.468" level="INFO">POST Request : url=http://localhost:3333/partners 
 path_url=/partners 
 headers={'User-Agent': 'python-requests/2.28.1', 'Accept-Encoding': 'gzip, deflate', 'Accept': '*/*', 'Connection': 'keep-alive', 'Content-Type': 'application/json', 'auth_user': 'qa', 'auth_password': 'ninja', 'Content-Length': '104'} 
 body=b'{"name": "Ralph Mangiare", "email": "ralph@eu.io", "whatsapp": "41999999999", "business": "Restaurante"}' 
 </msg>
<msg timestamp="20230803 00:17:00.468" level="INFO">POST Response : url=http://localhost:3333/partners 
 status=201, reason=Created 
 headers={'X-Powered-By': 'Express', 'Access-Control-Allow-Origin': '*', 'Access-Control-Expose-Headers': 'Authorization,auth_user,auth_password', 'Content-Type': 'application/json; charset=utf-8', 'Content-Length': '41', 'ETag': 'W/"29-bi1MUvQjxwtpwL840y7yCptjLGw"', 'Date': 'Thu, 03 Aug 2023 03:17:00 GMT', 'Connection': 'keep-alive', 'Keep-Alive': 'timeout=5'} 
 body={"partner_id":"64cb1c2c6a1f2be3556f9e14"} 
 </msg>
<msg timestamp="20230803 00:17:00.469" level="INFO">${response} = &lt;Response [201]&gt;</msg>
<status status="PASS" starttime="20230803 00:17:00.324" endtime="20230803 00:17:00.469"/>
</kw>
<return>
<value>${response}</value>
<status status="PASS" starttime="20230803 00:17:00.469" endtime="20230803 00:17:00.469"/>
</return>
<msg timestamp="20230803 00:17:00.469" level="INFO">${response} = &lt;Response [201]&gt;</msg>
<status status="PASS" starttime="20230803 00:17:00.323" endtime="20230803 00:17:00.469"/>
</kw>
<kw name="Status Should Be" library="RequestsLibrary">
<arg>201</arg>
<doc>Fails if response status code is different than the expected.</doc>
<status status="PASS" starttime="20230803 00:17:00.469" endtime="20230803 00:17:00.469"/>
</kw>
<kw name="Find Partner By Name" library="database">
<var>${result}</var>
<arg>${partner}[name]</arg>
<kw name="Create Dictionary" library="BuiltIn">
<var>${filter}</var>
<arg>name=${partner_name}</arg>
<doc>Creates and returns a dictionary based on the given ``items``.</doc>
<msg timestamp="20230803 00:17:00.470" level="INFO">${filter} = {'name': 'Ralph Mangiare'}</msg>
<status status="PASS" starttime="20230803 00:17:00.470" endtime="20230803 00:17:00.470"/>
</kw>
<kw name="Find" library="RobotMongoDBLibrary.Find">
<var>${results}</var>
<arg>${MONGO_URI}</arg>
<arg>${filter}</arg>
<msg timestamp="20230803 00:17:01.871" level="INFO">${results} = [{'_id': '64cb1c2c6a1f2be3556f9e14', 'name': 'Ralph Mangiare', 'email': 'ralph@eu.io', 'whatsapp': '41999999999', 'business': 'Restaurante', 'active': False, 'created_at': datetime.datetime(2023, 8, 3...</msg>
<status status="PASS" starttime="20230803 00:17:00.470" endtime="20230803 00:17:01.871"/>
</kw>
<msg timestamp="20230803 00:17:01.871" level="INFO">${result} = {'_id': '64cb1c2c6a1f2be3556f9e14', 'name': 'Ralph Mangiare', 'email': 'ralph@eu.io', 'whatsapp': '41999999999', 'business': 'Restaurante', 'active': False, 'created_at': datetime.datetime(2023, 8, 3,...</msg>
<status status="PASS" starttime="20230803 00:17:00.469" endtime="20230803 00:17:01.871"/>
</kw>
<kw name="Should Be Equal" library="BuiltIn">
<arg>${response.json()}[partner_id]</arg>
<arg>${result}[_id]</arg>
<doc>Fails if the given objects are unequal.</doc>
<status status="PASS" starttime="20230803 00:17:01.872" endtime="20230803 00:17:01.872"/>
</kw>
<kw name="Get Message" library="rabbitmq">
<var>${message}</var>
<kw name="Create Dictionary" library="BuiltIn">
<var>${payload}</var>
<arg>vhost=qxqfqtki</arg>
<arg>name=email</arg>
<arg>truncate=50000</arg>
<arg>ackmode=ack_requeue_true</arg>
<arg>encoding=auto</arg>
<arg>count=1</arg>
<doc>Creates and returns a dictionary based on the given ``items``.</doc>
<msg timestamp="20230803 00:17:01.873" level="INFO">${payload} = {'vhost': 'qxqfqtki', 'name': 'email', 'truncate': '50000', 'ackmode': 'ack_requeue_true', 'encoding': 'auto', 'count': '1'}</msg>
<status status="PASS" starttime="20230803 00:17:01.873" endtime="20230803 00:17:01.873"/>
</kw>
<kw name="POST" library="RequestsLibrary">
<var>${response}</var>
<arg>${RABBIT_URL}/get</arg>
<arg>json=${payload}</arg>
<arg>headers=${RABBIT_HEADERS}</arg>
<doc>Sends a POST request.</doc>
<msg timestamp="20230803 00:17:02.309" level="INFO">POST Request : url=https://shark.rmq.cloudamqp.com/api/queues/qxqfqtki/email/get 
 path_url=/api/queues/qxqfqtki/email/get 
 headers={'User-Agent': 'python-requests/2.28.1', 'Accept-Encoding': 'gzip, deflate', 'Accept': '*/*', 'Connection': 'keep-alive', 'Content-Type': 'pplication/json', 'Authorization': 'Basic cXhxZnF0a2k6WDRDMndiMTZPV0hGbXhybkpiMGFUWXVrT3J6eGc5Q3E=', 'Content-Length': '124'} 
 body=b'{"vhost": "qxqfqtki", "name": "email", "truncate": "50000", "ackmode": "ack_requeue_true", "encoding": "auto", "count": "1"}' 
 </msg>
<msg timestamp="20230803 00:17:02.309" level="INFO">POST Response : url=https://shark.rmq.cloudamqp.com/api/queues/qxqfqtki/email/get 
 status=200, reason=OK 
 headers={'Server': 'nginx', 'Date': 'Thu, 03 Aug 2023 03:16:50 GMT', 'Content-Type': 'application/json', 'Content-Length': '278', 'Connection': 'keep-alive', 'cache-control': 'no-cache', 'content-encoding': 'gzip', 'content-security-policy': "script-src 'self' 'unsafe-eval' 'unsafe-inline'; object-src 'self', default-src 'none'; connect-src 'self'; img-src 'self'; script-src 'self' 'unsafe-eval' 'unsafe-inline'; style-src 'self' 'unsafe-inline'", 'vary': 'accept, accept-encoding, origin', 'X-Content-Type-Options': 'nosniff', 'X-XSS-Protection': '1; mode=block', 'Strict-Transport-Security': 'max-age=631138519', 'X-Frame-Options': 'deny'} 
 body=[{"payload_bytes":195,"redelivered":false,"exchange":"","routing_key":"email","message_count":0,"properties":{"headers":{}},"payload":"{\"html\":\"&lt;p&gt;Seu cadastro foi confirmado!&lt;/p&gt;Em breve enviaremos mais detalhes sobre a nossa parceria.&lt;/p&gt; &lt;p&gt;Abs, &lt;br/&gt;Equipe BugerEats&lt;/p&gt;\",\"email\":\"ralph@eu.io\",\"subject\":\"Parceria Buger Eats\"}","payload_encoding":"string"}] 
 </msg>
<msg timestamp="20230803 00:17:02.309" level="INFO">${response} = &lt;Response [200]&gt;</msg>
<status status="PASS" starttime="20230803 00:17:01.873" endtime="20230803 00:17:02.309"/>
</kw>
<return>
<value>${response.json()}[0]</value>
<status status="PASS" starttime="20230803 00:17:02.309" endtime="20230803 00:17:02.309"/>
</return>
<msg timestamp="20230803 00:17:02.309" level="INFO">${message} = {'payload_bytes': 195, 'redelivered': False, 'exchange': '', 'routing_key': 'email', 'message_count': 0, 'properties': {'headers': {}}, 'payload': '{"html":"&lt;p&gt;Seu cadastro foi confirmado!&lt;/p&gt;Em breve...</msg>
<status status="PASS" starttime="20230803 00:17:01.872" endtime="20230803 00:17:02.309"/>
</kw>
<kw name="Log" library="BuiltIn">
<arg>${message}[payload]</arg>
<doc>Logs the given message with the given level.</doc>
<msg timestamp="20230803 00:17:02.309" level="INFO">{"html":"&lt;p&gt;Seu cadastro foi confirmado!&lt;/p&gt;Em breve enviaremos mais detalhes sobre a nossa parceria.&lt;/p&gt; &lt;p&gt;Abs, &lt;br/&gt;Equipe BugerEats&lt;/p&gt;","email":"ralph@eu.io","subject":"Parceria Buger Eats"}</msg>
<status status="PASS" starttime="20230803 00:17:02.309" endtime="20230803 00:17:02.309"/>
</kw>
<kw name="Should Contain" library="BuiltIn">
<arg>${message}[payload]</arg>
<arg>${partner}[email]</arg>
<doc>Fails if ``container`` does not contain ``item`` one or more times.</doc>
<status status="PASS" starttime="20230803 00:17:02.312" endtime="20230803 00:17:02.312"/>
</kw>
<tag>happy</tag>
<status status="PASS" starttime="20230803 00:16:58.363" endtime="20230803 00:17:02.312"/>
</test>
<test id="s1-s4-t2" name="Should return duplicate by name" line="28">
<kw name="Factory Dup Name" library="partner">
<var>${partner}</var>
<msg timestamp="20230803 00:17:02.313" level="INFO">${partner} = {'name': 'Ralph Mangiare', 'email': 'ralph@eu.io', 'whatsapp': '41999999999', 'business': 'Restaurante'}</msg>
<status status="PASS" starttime="20230803 00:17:02.313" endtime="20230803 00:17:02.313"/>
</kw>
<kw name="Create a new partner" library="helpers">
<arg>${partner}</arg>
<kw name="Remove Partner By Name" library="database">
<arg>${partner}[name]</arg>
<kw name="Create Dictionary" library="BuiltIn">
<var>${filter}</var>
<arg>name=${partner_name}</arg>
<doc>Creates and returns a dictionary based on the given ``items``.</doc>
<msg timestamp="20230803 00:17:02.314" level="INFO">${filter} = {'name': 'Ralph Mangiare'}</msg>
<status status="PASS" starttime="20230803 00:17:02.314" endtime="20230803 00:17:02.314"/>
</kw>
<kw name="Delete One" library="RobotMongoDBLibrary.Delete">
<arg>${MONGO_URI}</arg>
<arg>${filter}</arg>
<status status="PASS" starttime="20230803 00:17:02.314" endtime="20230803 00:17:03.717"/>
</kw>
<status status="PASS" starttime="20230803 00:17:02.313" endtime="20230803 00:17:03.717"/>
</kw>
<kw name="POST Partner" library="services">
<var>${response}</var>
<arg>${partner}</arg>
<kw name="POST" library="RequestsLibrary">
<var>${response}</var>
<arg>${BASE_URL}</arg>
<arg>json=${payload}</arg>
<arg>headers=${HEADERS}</arg>
<arg>expected_status=any</arg>
<doc>Sends a POST request.</doc>
<msg timestamp="20230803 00:17:03.862" level="INFO">POST Request : url=http://localhost:3333/partners 
 path_url=/partners 
 headers={'User-Agent': 'python-requests/2.28.1', 'Accept-Encoding': 'gzip, deflate', 'Accept': '*/*', 'Connection': 'keep-alive', 'Content-Type': 'application/json', 'auth_user': 'qa', 'auth_password': 'ninja', 'Content-Length': '104'} 
 body=b'{"name": "Ralph Mangiare", "email": "ralph@eu.io", "whatsapp": "41999999999", "business": "Restaurante"}' 
 </msg>
<msg timestamp="20230803 00:17:03.862" level="INFO">POST Response : url=http://localhost:3333/partners 
 status=201, reason=Created 
 headers={'X-Powered-By': 'Express', 'Access-Control-Allow-Origin': '*', 'Access-Control-Expose-Headers': 'Authorization,auth_user,auth_password', 'Content-Type': 'application/json; charset=utf-8', 'Content-Length': '41', 'ETag': 'W/"29-oLTxgvsEuuaxUUMJcieUx20gdCQ"', 'Date': 'Thu, 03 Aug 2023 03:17:03 GMT', 'Connection': 'keep-alive', 'Keep-Alive': 'timeout=5'} 
 body={"partner_id":"64cb1c2f6a1f2be3556f9e16"} 
 </msg>
<msg timestamp="20230803 00:17:03.862" level="INFO">${response} = &lt;Response [201]&gt;</msg>
<status status="PASS" starttime="20230803 00:17:03.718" endtime="20230803 00:17:03.862"/>
</kw>
<return>
<value>${response}</value>
<status status="PASS" starttime="20230803 00:17:03.862" endtime="20230803 00:17:03.862"/>
</return>
<msg timestamp="20230803 00:17:03.862" level="INFO">${response} = &lt;Response [201]&gt;</msg>
<status status="PASS" starttime="20230803 00:17:03.717" endtime="20230803 00:17:03.862"/>
</kw>
<kw name="Set Variable" library="BuiltIn">
<var>${partner_id}</var>
<arg>${response.json()}[partner_id]</arg>
<doc>Returns the given values which can then be assigned to a variables.</doc>
<msg timestamp="20230803 00:17:03.863" level="INFO">${partner_id} = 64cb1c2f6a1f2be3556f9e16</msg>
<status status="PASS" starttime="20230803 00:17:03.862" endtime="20230803 00:17:03.863"/>
</kw>
<status status="PASS" starttime="20230803 00:17:02.313" endtime="20230803 00:17:03.863"/>
</kw>
<kw name="POST Partner" library="services">
<var>${response}</var>
<arg>${partner}</arg>
<kw name="POST" library="RequestsLibrary">
<var>${response}</var>
<arg>${BASE_URL}</arg>
<arg>json=${payload}</arg>
<arg>headers=${HEADERS}</arg>
<arg>expected_status=any</arg>
<doc>Sends a POST request.</doc>
<msg timestamp="20230803 00:17:04.007" level="INFO">POST Request : url=http://localhost:3333/partners 
 path_url=/partners 
 headers={'User-Agent': 'python-requests/2.28.1', 'Accept-Encoding': 'gzip, deflate', 'Accept': '*/*', 'Connection': 'keep-alive', 'Content-Type': 'application/json', 'auth_user': 'qa', 'auth_password': 'ninja', 'Content-Length': '104'} 
 body=b'{"name": "Ralph Mangiare", "email": "ralph@eu.io", "whatsapp": "41999999999", "business": "Restaurante"}' 
 </msg>
<msg timestamp="20230803 00:17:04.007" level="INFO">POST Response : url=http://localhost:3333/partners 
 status=409, reason=Conflict 
 headers={'X-Powered-By': 'Express', 'Access-Control-Allow-Origin': '*', 'Access-Control-Expose-Headers': 'Authorization,auth_user,auth_password', 'Content-Type': 'application/json; charset=utf-8', 'Content-Length': '36', 'ETag': 'W/"24-npRjBxR/ioA1Ds6xvIHfcGoYoY4"', 'Date': 'Thu, 03 Aug 2023 03:17:04 GMT', 'Connection': 'keep-alive', 'Keep-Alive': 'timeout=5'} 
 body={"message":"Duplicate company name"} 
 </msg>
<msg timestamp="20230803 00:17:04.007" level="INFO">${response} = &lt;Response [409]&gt;</msg>
<status status="PASS" starttime="20230803 00:17:03.863" endtime="20230803 00:17:04.007"/>
</kw>
<return>
<value>${response}</value>
<status status="PASS" starttime="20230803 00:17:04.007" endtime="20230803 00:17:04.007"/>
</return>
<msg timestamp="20230803 00:17:04.007" level="INFO">${response} = &lt;Response [409]&gt;</msg>
<status status="PASS" starttime="20230803 00:17:03.863" endtime="20230803 00:17:04.007"/>
</kw>
<kw name="Status Should Be" library="RequestsLibrary">
<arg>409</arg>
<doc>Fails if response status code is different than the expected.</doc>
<status status="PASS" starttime="20230803 00:17:04.008" endtime="20230803 00:17:04.008"/>
</kw>
<kw name="Should Be Equal" library="BuiltIn">
<arg>${response.json()}[message]</arg>
<arg>Duplicate company name</arg>
<doc>Fails if the given objects are unequal.</doc>
<status status="PASS" starttime="20230803 00:17:04.008" endtime="20230803 00:17:04.008"/>
</kw>
<tag>bugs</tag>
<status status="PASS" starttime="20230803 00:17:02.313" endtime="20230803 00:17:04.009"/>
</test>
<doc>Post /partners</doc>
<status status="PASS" starttime="20230803 00:16:58.356" endtime="20230803 00:17:04.009"/>
</suite>
<suite id="s1-s5" name="Put" source="C:\QAx\projects\buger-eats-partner-api-tests\tests\put.robot">
<test id="s1-s5-t1" name="Should be enable a partner" line="8">
<kw name="Factory Enable Partner" library="partner">
<var>${partner}</var>
<msg timestamp="20230803 00:17:04.017" level="INFO">${partner} = {'name': 'Doceria do Ralph', 'email': 'doces@eu.io', 'whatsapp': '41999999999', 'business': 'Conveniência'}</msg>
<status status="PASS" starttime="20230803 00:17:04.017" endtime="20230803 00:17:04.017"/>
</kw>
<kw name="Create a new partner" library="helpers">
<var>${partner_id}</var>
<arg>${partner}</arg>
<kw name="Remove Partner By Name" library="database">
<arg>${partner}[name]</arg>
<kw name="Create Dictionary" library="BuiltIn">
<var>${filter}</var>
<arg>name=${partner_name}</arg>
<doc>Creates and returns a dictionary based on the given ``items``.</doc>
<msg timestamp="20230803 00:17:04.018" level="INFO">${filter} = {'name': 'Doceria do Ralph'}</msg>
<status status="PASS" starttime="20230803 00:17:04.018" endtime="20230803 00:17:04.018"/>
</kw>
<kw name="Delete One" library="RobotMongoDBLibrary.Delete">
<arg>${MONGO_URI}</arg>
<arg>${filter}</arg>
<status status="PASS" starttime="20230803 00:17:04.018" endtime="20230803 00:17:05.421"/>
</kw>
<status status="PASS" starttime="20230803 00:17:04.018" endtime="20230803 00:17:05.421"/>
</kw>
<kw name="POST Partner" library="services">
<var>${response}</var>
<arg>${partner}</arg>
<kw name="POST" library="RequestsLibrary">
<var>${response}</var>
<arg>${BASE_URL}</arg>
<arg>json=${payload}</arg>
<arg>headers=${HEADERS}</arg>
<arg>expected_status=any</arg>
<doc>Sends a POST request.</doc>
<msg timestamp="20230803 00:17:05.565" level="INFO">POST Request : url=http://localhost:3333/partners 
 path_url=/partners 
 headers={'User-Agent': 'python-requests/2.28.1', 'Accept-Encoding': 'gzip, deflate', 'Accept': '*/*', 'Connection': 'keep-alive', 'Content-Type': 'application/json', 'auth_user': 'qa', 'auth_password': 'ninja', 'Content-Length': '112'} 
 body=b'{"name": "Doceria do Ralph", "email": "doces@eu.io", "whatsapp": "41999999999", "business": "Conveni\\u00eancia"}' 
 </msg>
<msg timestamp="20230803 00:17:05.565" level="INFO">POST Response : url=http://localhost:3333/partners 
 status=201, reason=Created 
 headers={'X-Powered-By': 'Express', 'Access-Control-Allow-Origin': '*', 'Access-Control-Expose-Headers': 'Authorization,auth_user,auth_password', 'Content-Type': 'application/json; charset=utf-8', 'Content-Length': '41', 'ETag': 'W/"29-4WzXYHXOu3Rj7H4MFf9CWGrL5+A"', 'Date': 'Thu, 03 Aug 2023 03:17:05 GMT', 'Connection': 'keep-alive', 'Keep-Alive': 'timeout=5'} 
 body={"partner_id":"64cb1c316a1f2be3556f9e1a"} 
 </msg>
<msg timestamp="20230803 00:17:05.565" level="INFO">${response} = &lt;Response [201]&gt;</msg>
<status status="PASS" starttime="20230803 00:17:05.422" endtime="20230803 00:17:05.565"/>
</kw>
<return>
<value>${response}</value>
<status status="PASS" starttime="20230803 00:17:05.565" endtime="20230803 00:17:05.565"/>
</return>
<msg timestamp="20230803 00:17:05.565" level="INFO">${response} = &lt;Response [201]&gt;</msg>
<status status="PASS" starttime="20230803 00:17:05.421" endtime="20230803 00:17:05.565"/>
</kw>
<kw name="Set Variable" library="BuiltIn">
<var>${partner_id}</var>
<arg>${response.json()}[partner_id]</arg>
<doc>Returns the given values which can then be assigned to a variables.</doc>
<msg timestamp="20230803 00:17:05.566" level="INFO">${partner_id} = 64cb1c316a1f2be3556f9e1a</msg>
<status status="PASS" starttime="20230803 00:17:05.565" endtime="20230803 00:17:05.566"/>
</kw>
<msg timestamp="20230803 00:17:05.566" level="INFO">${partner_id} = 64cb1c316a1f2be3556f9e1a</msg>
<status status="PASS" starttime="20230803 00:17:04.017" endtime="20230803 00:17:05.566"/>
</kw>
<kw name="Enable Partner" library="services">
<var>${response}</var>
<arg>${partner_id}</arg>
<kw name="PUT" library="RequestsLibrary">
<var>${response}</var>
<arg>${BASE_URL}/${partner_id}/enable</arg>
<arg>headers=${HEADERS}</arg>
<arg>expected_status=any</arg>
<doc>Sends a PUT request.</doc>
<msg timestamp="20230803 00:17:05.710" level="INFO">PUT Request : url=http://localhost:3333/partners/64cb1c316a1f2be3556f9e1a/enable 
 path_url=/partners/64cb1c316a1f2be3556f9e1a/enable 
 headers={'User-Agent': 'python-requests/2.28.1', 'Accept-Encoding': 'gzip, deflate', 'Accept': '*/*', 'Connection': 'keep-alive', 'Content-Type': 'application/json', 'auth_user': 'qa', 'auth_password': 'ninja', 'Content-Length': '0'} 
 body=None 
 </msg>
<msg timestamp="20230803 00:17:05.710" level="INFO">PUT Response : url=http://localhost:3333/partners/64cb1c316a1f2be3556f9e1a/enable 
 status=200, reason=OK 
 headers={'X-Powered-By': 'Express', 'Access-Control-Allow-Origin': '*', 'Access-Control-Expose-Headers': 'Authorization,auth_user,auth_password', 'Date': 'Thu, 03 Aug 2023 03:17:05 GMT', 'Connection': 'keep-alive', 'Keep-Alive': 'timeout=5', 'Content-Length': '0'} 
 body=None 
 </msg>
<msg timestamp="20230803 00:17:05.711" level="INFO">${response} = &lt;Response [200]&gt;</msg>
<status status="PASS" starttime="20230803 00:17:05.566" endtime="20230803 00:17:05.711"/>
</kw>
<return>
<value>${response}</value>
<status status="PASS" starttime="20230803 00:17:05.711" endtime="20230803 00:17:05.711"/>
</return>
<msg timestamp="20230803 00:17:05.711" level="INFO">${response} = &lt;Response [200]&gt;</msg>
<status status="PASS" starttime="20230803 00:17:05.566" endtime="20230803 00:17:05.711"/>
</kw>
<kw name="Status Should Be" library="RequestsLibrary">
<arg>200</arg>
<doc>Fails if response status code is different than the expected.</doc>
<status status="PASS" starttime="20230803 00:17:05.711" endtime="20230803 00:17:05.711"/>
</kw>
<status status="PASS" starttime="20230803 00:17:04.017" endtime="20230803 00:17:05.712"/>
</test>
<test id="s1-s5-t2" name="Should be desable a partner" line="16">
<kw name="Factory Desable Partner" library="partner">
<var>${partner}</var>
<msg timestamp="20230803 00:17:05.713" level="INFO">${partner} = {'name': 'Mercado Noite', 'email': 'noite@eu.io', 'whatsapp': '41999999999', 'business': 'Supermercado'}</msg>
<status status="PASS" starttime="20230803 00:17:05.713" endtime="20230803 00:17:05.713"/>
</kw>
<kw name="Create a new partner" library="helpers">
<var>${partner_id}</var>
<arg>${partner}</arg>
<kw name="Remove Partner By Name" library="database">
<arg>${partner}[name]</arg>
<kw name="Create Dictionary" library="BuiltIn">
<var>${filter}</var>
<arg>name=${partner_name}</arg>
<doc>Creates and returns a dictionary based on the given ``items``.</doc>
<msg timestamp="20230803 00:17:05.714" level="INFO">${filter} = {'name': 'Mercado Noite'}</msg>
<status status="PASS" starttime="20230803 00:17:05.713" endtime="20230803 00:17:05.714"/>
</kw>
<kw name="Delete One" library="RobotMongoDBLibrary.Delete">
<arg>${MONGO_URI}</arg>
<arg>${filter}</arg>
<status status="PASS" starttime="20230803 00:17:05.714" endtime="20230803 00:17:07.135"/>
</kw>
<status status="PASS" starttime="20230803 00:17:05.713" endtime="20230803 00:17:07.135"/>
</kw>
<kw name="POST Partner" library="services">
<var>${response}</var>
<arg>${partner}</arg>
<kw name="POST" library="RequestsLibrary">
<var>${response}</var>
<arg>${BASE_URL}</arg>
<arg>json=${payload}</arg>
<arg>headers=${HEADERS}</arg>
<arg>expected_status=any</arg>
<doc>Sends a POST request.</doc>
<msg timestamp="20230803 00:17:07.279" level="INFO">POST Request : url=http://localhost:3333/partners 
 path_url=/partners 
 headers={'User-Agent': 'python-requests/2.28.1', 'Accept-Encoding': 'gzip, deflate', 'Accept': '*/*', 'Connection': 'keep-alive', 'Content-Type': 'application/json', 'auth_user': 'qa', 'auth_password': 'ninja', 'Content-Length': '104'} 
 body=b'{"name": "Mercado Noite", "email": "noite@eu.io", "whatsapp": "41999999999", "business": "Supermercado"}' 
 </msg>
<msg timestamp="20230803 00:17:07.279" level="INFO">POST Response : url=http://localhost:3333/partners 
 status=201, reason=Created 
 headers={'X-Powered-By': 'Express', 'Access-Control-Allow-Origin': '*', 'Access-Control-Expose-Headers': 'Authorization,auth_user,auth_password', 'Content-Type': 'application/json; charset=utf-8', 'Content-Length': '41', 'ETag': 'W/"29-7FTstb0Nx2w1TtqfiJKiykc29OQ"', 'Date': 'Thu, 03 Aug 2023 03:17:07 GMT', 'Connection': 'keep-alive', 'Keep-Alive': 'timeout=5'} 
 body={"partner_id":"64cb1c336a1f2be3556f9e1d"} 
 </msg>
<msg timestamp="20230803 00:17:07.280" level="INFO">${response} = &lt;Response [201]&gt;</msg>
<status status="PASS" starttime="20230803 00:17:07.135" endtime="20230803 00:17:07.280"/>
</kw>
<return>
<value>${response}</value>
<status status="PASS" starttime="20230803 00:17:07.280" endtime="20230803 00:17:07.280"/>
</return>
<msg timestamp="20230803 00:17:07.280" level="INFO">${response} = &lt;Response [201]&gt;</msg>
<status status="PASS" starttime="20230803 00:17:07.135" endtime="20230803 00:17:07.280"/>
</kw>
<kw name="Set Variable" library="BuiltIn">
<var>${partner_id}</var>
<arg>${response.json()}[partner_id]</arg>
<doc>Returns the given values which can then be assigned to a variables.</doc>
<msg timestamp="20230803 00:17:07.280" level="INFO">${partner_id} = 64cb1c336a1f2be3556f9e1d</msg>
<status status="PASS" starttime="20230803 00:17:07.280" endtime="20230803 00:17:07.280"/>
</kw>
<msg timestamp="20230803 00:17:07.281" level="INFO">${partner_id} = 64cb1c336a1f2be3556f9e1d</msg>
<status status="PASS" starttime="20230803 00:17:05.713" endtime="20230803 00:17:07.281"/>
</kw>
<kw name="Enable Partner" library="services">
<arg>${partner_id}</arg>
<kw name="PUT" library="RequestsLibrary">
<var>${response}</var>
<arg>${BASE_URL}/${partner_id}/enable</arg>
<arg>headers=${HEADERS}</arg>
<arg>expected_status=any</arg>
<doc>Sends a PUT request.</doc>
<msg timestamp="20230803 00:17:07.424" level="INFO">PUT Request : url=http://localhost:3333/partners/64cb1c336a1f2be3556f9e1d/enable 
 path_url=/partners/64cb1c336a1f2be3556f9e1d/enable 
 headers={'User-Agent': 'python-requests/2.28.1', 'Accept-Encoding': 'gzip, deflate', 'Accept': '*/*', 'Connection': 'keep-alive', 'Content-Type': 'application/json', 'auth_user': 'qa', 'auth_password': 'ninja', 'Content-Length': '0'} 
 body=None 
 </msg>
<msg timestamp="20230803 00:17:07.424" level="INFO">PUT Response : url=http://localhost:3333/partners/64cb1c336a1f2be3556f9e1d/enable 
 status=200, reason=OK 
 headers={'X-Powered-By': 'Express', 'Access-Control-Allow-Origin': '*', 'Access-Control-Expose-Headers': 'Authorization,auth_user,auth_password', 'Date': 'Thu, 03 Aug 2023 03:17:07 GMT', 'Connection': 'keep-alive', 'Keep-Alive': 'timeout=5', 'Content-Length': '0'} 
 body=None 
 </msg>
<msg timestamp="20230803 00:17:07.424" level="INFO">${response} = &lt;Response [200]&gt;</msg>
<status status="PASS" starttime="20230803 00:17:07.281" endtime="20230803 00:17:07.424"/>
</kw>
<return>
<value>${response}</value>
<status status="PASS" starttime="20230803 00:17:07.424" endtime="20230803 00:17:07.424"/>
</return>
<status status="PASS" starttime="20230803 00:17:07.281" endtime="20230803 00:17:07.424"/>
</kw>
<kw name="Enable Partner" library="services">
<var>${response}</var>
<arg>${partner_id}</arg>
<kw name="PUT" library="RequestsLibrary">
<var>${response}</var>
<arg>${BASE_URL}/${partner_id}/enable</arg>
<arg>headers=${HEADERS}</arg>
<arg>expected_status=any</arg>
<doc>Sends a PUT request.</doc>
<msg timestamp="20230803 00:17:07.569" level="INFO">PUT Request : url=http://localhost:3333/partners/64cb1c336a1f2be3556f9e1d/enable 
 path_url=/partners/64cb1c336a1f2be3556f9e1d/enable 
 headers={'User-Agent': 'python-requests/2.28.1', 'Accept-Encoding': 'gzip, deflate', 'Accept': '*/*', 'Connection': 'keep-alive', 'Content-Type': 'application/json', 'auth_user': 'qa', 'auth_password': 'ninja', 'Content-Length': '0'} 
 body=None 
 </msg>
<msg timestamp="20230803 00:17:07.569" level="INFO">PUT Response : url=http://localhost:3333/partners/64cb1c336a1f2be3556f9e1d/enable 
 status=200, reason=OK 
 headers={'X-Powered-By': 'Express', 'Access-Control-Allow-Origin': '*', 'Access-Control-Expose-Headers': 'Authorization,auth_user,auth_password', 'Date': 'Thu, 03 Aug 2023 03:17:07 GMT', 'Connection': 'keep-alive', 'Keep-Alive': 'timeout=5', 'Content-Length': '0'} 
 body=None 
 </msg>
<msg timestamp="20230803 00:17:07.569" level="INFO">${response} = &lt;Response [200]&gt;</msg>
<status status="PASS" starttime="20230803 00:17:07.425" endtime="20230803 00:17:07.569"/>
</kw>
<return>
<value>${response}</value>
<status status="PASS" starttime="20230803 00:17:07.569" endtime="20230803 00:17:07.569"/>
</return>
<msg timestamp="20230803 00:17:07.569" level="INFO">${response} = &lt;Response [200]&gt;</msg>
<status status="PASS" starttime="20230803 00:17:07.424" endtime="20230803 00:17:07.569"/>
</kw>
<kw name="Status Should Be" library="RequestsLibrary">
<arg>200</arg>
<doc>Fails if response status code is different than the expected.</doc>
<status status="PASS" starttime="20230803 00:17:07.569" endtime="20230803 00:17:07.570"/>
</kw>
<status status="PASS" starttime="20230803 00:17:05.712" endtime="20230803 00:17:07.570"/>
</test>
<test id="s1-s5-t3" name="Should return 404 on enable a partner" line="25">
<kw name="Factory 404 Partner" library="partner">
<var>${partner}</var>
<msg timestamp="20230803 00:17:07.571" level="INFO">${partner} = {'name': 'Frangão', 'email': 'contato@frangao.io', 'whatsapp': '41999999999', 'business': 'Restaurante'}</msg>
<status status="PASS" starttime="20230803 00:17:07.571" endtime="20230803 00:17:07.571"/>
</kw>
<kw name="Create a new partner" library="helpers">
<var>${partner_id}</var>
<arg>${partner}</arg>
<kw name="Remove Partner By Name" library="database">
<arg>${partner}[name]</arg>
<kw name="Create Dictionary" library="BuiltIn">
<var>${filter}</var>
<arg>name=${partner_name}</arg>
<doc>Creates and returns a dictionary based on the given ``items``.</doc>
<msg timestamp="20230803 00:17:07.572" level="INFO">${filter} = {'name': 'Frangão'}</msg>
<status status="PASS" starttime="20230803 00:17:07.572" endtime="20230803 00:17:07.572"/>
</kw>
<kw name="Delete One" library="RobotMongoDBLibrary.Delete">
<arg>${MONGO_URI}</arg>
<arg>${filter}</arg>
<status status="PASS" starttime="20230803 00:17:07.572" endtime="20230803 00:17:08.964"/>
</kw>
<status status="PASS" starttime="20230803 00:17:07.572" endtime="20230803 00:17:08.964"/>
</kw>
<kw name="POST Partner" library="services">
<var>${response}</var>
<arg>${partner}</arg>
<kw name="POST" library="RequestsLibrary">
<var>${response}</var>
<arg>${BASE_URL}</arg>
<arg>json=${payload}</arg>
<arg>headers=${HEADERS}</arg>
<arg>expected_status=any</arg>
<doc>Sends a POST request.</doc>
<msg timestamp="20230803 00:17:09.108" level="INFO">POST Request : url=http://localhost:3333/partners 
 path_url=/partners 
 headers={'User-Agent': 'python-requests/2.28.1', 'Accept-Encoding': 'gzip, deflate', 'Accept': '*/*', 'Connection': 'keep-alive', 'Content-Type': 'application/json', 'auth_user': 'qa', 'auth_password': 'ninja', 'Content-Length': '109'} 
 body=b'{"name": "Frang\\u00e3o", "email": "contato@frangao.io", "whatsapp": "41999999999", "business": "Restaurante"}' 
 </msg>
<msg timestamp="20230803 00:17:09.108" level="INFO">POST Response : url=http://localhost:3333/partners 
 status=201, reason=Created 
 headers={'X-Powered-By': 'Express', 'Access-Control-Allow-Origin': '*', 'Access-Control-Expose-Headers': 'Authorization,auth_user,auth_password', 'Content-Type': 'application/json; charset=utf-8', 'Content-Length': '41', 'ETag': 'W/"29-DT8TZXcbpyOuZy5t2b+4YoPHsjA"', 'Date': 'Thu, 03 Aug 2023 03:17:09 GMT', 'Connection': 'keep-alive', 'Keep-Alive': 'timeout=5'} 
 body={"partner_id":"64cb1c346a1f2be3556f9e21"} 
 </msg>
<msg timestamp="20230803 00:17:09.108" level="INFO">${response} = &lt;Response [201]&gt;</msg>
<status status="PASS" starttime="20230803 00:17:08.965" endtime="20230803 00:17:09.108"/>
</kw>
<return>
<value>${response}</value>
<status status="PASS" starttime="20230803 00:17:09.108" endtime="20230803 00:17:09.108"/>
</return>
<msg timestamp="20230803 00:17:09.108" level="INFO">${response} = &lt;Response [201]&gt;</msg>
<status status="PASS" starttime="20230803 00:17:08.964" endtime="20230803 00:17:09.108"/>
</kw>
<kw name="Set Variable" library="BuiltIn">
<var>${partner_id}</var>
<arg>${response.json()}[partner_id]</arg>
<doc>Returns the given values which can then be assigned to a variables.</doc>
<msg timestamp="20230803 00:17:09.109" level="INFO">${partner_id} = 64cb1c346a1f2be3556f9e21</msg>
<status status="PASS" starttime="20230803 00:17:09.108" endtime="20230803 00:17:09.109"/>
</kw>
<msg timestamp="20230803 00:17:09.109" level="INFO">${partner_id} = 64cb1c346a1f2be3556f9e21</msg>
<status status="PASS" starttime="20230803 00:17:07.571" endtime="20230803 00:17:09.109"/>
</kw>
<kw name="Remove Partner By Name" library="database">
<arg>${partner}[name]</arg>
<kw name="Create Dictionary" library="BuiltIn">
<var>${filter}</var>
<arg>name=${partner_name}</arg>
<doc>Creates and returns a dictionary based on the given ``items``.</doc>
<msg timestamp="20230803 00:17:09.110" level="INFO">${filter} = {'name': 'Frangão'}</msg>
<status status="PASS" starttime="20230803 00:17:09.109" endtime="20230803 00:17:09.110"/>
</kw>
<kw name="Delete One" library="RobotMongoDBLibrary.Delete">
<arg>${MONGO_URI}</arg>
<arg>${filter}</arg>
<status status="PASS" starttime="20230803 00:17:09.110" endtime="20230803 00:17:10.526"/>
</kw>
<status status="PASS" starttime="20230803 00:17:09.109" endtime="20230803 00:17:10.526"/>
</kw>
<kw name="Enable Partner" library="services">
<var>${response}</var>
<arg>${partner_id}</arg>
<kw name="PUT" library="RequestsLibrary">
<var>${response}</var>
<arg>${BASE_URL}/${partner_id}/enable</arg>
<arg>headers=${HEADERS}</arg>
<arg>expected_status=any</arg>
<doc>Sends a PUT request.</doc>
<msg timestamp="20230803 00:17:10.673" level="INFO">PUT Request : url=http://localhost:3333/partners/64cb1c346a1f2be3556f9e21/enable 
 path_url=/partners/64cb1c346a1f2be3556f9e21/enable 
 headers={'User-Agent': 'python-requests/2.28.1', 'Accept-Encoding': 'gzip, deflate', 'Accept': '*/*', 'Connection': 'keep-alive', 'Content-Type': 'application/json', 'auth_user': 'qa', 'auth_password': 'ninja', 'Content-Length': '0'} 
 body=None 
 </msg>
<msg timestamp="20230803 00:17:10.674" level="INFO">PUT Response : url=http://localhost:3333/partners/64cb1c346a1f2be3556f9e21/enable 
 status=404, reason=Not Found 
 headers={'X-Powered-By': 'Express', 'Access-Control-Allow-Origin': '*', 'Access-Control-Expose-Headers': 'Authorization,auth_user,auth_password', 'Date': 'Thu, 03 Aug 2023 03:17:10 GMT', 'Connection': 'keep-alive', 'Keep-Alive': 'timeout=5', 'Content-Length': '0'} 
 body=None 
 </msg>
<msg timestamp="20230803 00:17:10.674" level="INFO">${response} = &lt;Response [404]&gt;</msg>
<status status="PASS" starttime="20230803 00:17:10.527" endtime="20230803 00:17:10.674"/>
</kw>
<return>
<value>${response}</value>
<status status="PASS" starttime="20230803 00:17:10.674" endtime="20230803 00:17:10.674"/>
</return>
<msg timestamp="20230803 00:17:10.674" level="INFO">${response} = &lt;Response [404]&gt;</msg>
<status status="PASS" starttime="20230803 00:17:10.526" endtime="20230803 00:17:10.674"/>
</kw>
<kw name="Status Should Be" library="RequestsLibrary">
<arg>404</arg>
<doc>Fails if response status code is different than the expected.</doc>
<status status="PASS" starttime="20230803 00:17:10.674" endtime="20230803 00:17:10.674"/>
</kw>
<status status="PASS" starttime="20230803 00:17:07.571" endtime="20230803 00:17:10.675"/>
</test>
<test id="s1-s5-t4" name="Should return 404 on desable a partner" line="35">
<kw name="Factory 404 Partner" library="partner">
<var>${partner}</var>
<msg timestamp="20230803 00:17:10.676" level="INFO">${partner} = {'name': 'Frangão', 'email': 'contato@frangao.io', 'whatsapp': '41999999999', 'business': 'Restaurante'}</msg>
<status status="PASS" starttime="20230803 00:17:10.676" endtime="20230803 00:17:10.676"/>
</kw>
<kw name="Create a new partner" library="helpers">
<var>${partner_id}</var>
<arg>${partner}</arg>
<kw name="Remove Partner By Name" library="database">
<arg>${partner}[name]</arg>
<kw name="Create Dictionary" library="BuiltIn">
<var>${filter}</var>
<arg>name=${partner_name}</arg>
<doc>Creates and returns a dictionary based on the given ``items``.</doc>
<msg timestamp="20230803 00:17:10.677" level="INFO">${filter} = {'name': 'Frangão'}</msg>
<status status="PASS" starttime="20230803 00:17:10.676" endtime="20230803 00:17:10.677"/>
</kw>
<kw name="Delete One" library="RobotMongoDBLibrary.Delete">
<arg>${MONGO_URI}</arg>
<arg>${filter}</arg>
<status status="PASS" starttime="20230803 00:17:10.677" endtime="20230803 00:17:12.060"/>
</kw>
<status status="PASS" starttime="20230803 00:17:10.676" endtime="20230803 00:17:12.060"/>
</kw>
<kw name="POST Partner" library="services">
<var>${response}</var>
<arg>${partner}</arg>
<kw name="POST" library="RequestsLibrary">
<var>${response}</var>
<arg>${BASE_URL}</arg>
<arg>json=${payload}</arg>
<arg>headers=${HEADERS}</arg>
<arg>expected_status=any</arg>
<doc>Sends a POST request.</doc>
<msg timestamp="20230803 00:17:12.205" level="INFO">POST Request : url=http://localhost:3333/partners 
 path_url=/partners 
 headers={'User-Agent': 'python-requests/2.28.1', 'Accept-Encoding': 'gzip, deflate', 'Accept': '*/*', 'Connection': 'keep-alive', 'Content-Type': 'application/json', 'auth_user': 'qa', 'auth_password': 'ninja', 'Content-Length': '109'} 
 body=b'{"name": "Frang\\u00e3o", "email": "contato@frangao.io", "whatsapp": "41999999999", "business": "Restaurante"}' 
 </msg>
<msg timestamp="20230803 00:17:12.205" level="INFO">POST Response : url=http://localhost:3333/partners 
 status=201, reason=Created 
 headers={'X-Powered-By': 'Express', 'Access-Control-Allow-Origin': '*', 'Access-Control-Expose-Headers': 'Authorization,auth_user,auth_password', 'Content-Type': 'application/json; charset=utf-8', 'Content-Length': '41', 'ETag': 'W/"29-Uo5o3ofpar5Ve1VpdFiftGpC1gE"', 'Date': 'Thu, 03 Aug 2023 03:17:12 GMT', 'Connection': 'keep-alive', 'Keep-Alive': 'timeout=5'} 
 body={"partner_id":"64cb1c386a1f2be3556f9e24"} 
 </msg>
<msg timestamp="20230803 00:17:12.205" level="INFO">${response} = &lt;Response [201]&gt;</msg>
<status status="PASS" starttime="20230803 00:17:12.061" endtime="20230803 00:17:12.205"/>
</kw>
<return>
<value>${response}</value>
<status status="PASS" starttime="20230803 00:17:12.205" endtime="20230803 00:17:12.205"/>
</return>
<msg timestamp="20230803 00:17:12.205" level="INFO">${response} = &lt;Response [201]&gt;</msg>
<status status="PASS" starttime="20230803 00:17:12.060" endtime="20230803 00:17:12.205"/>
</kw>
<kw name="Set Variable" library="BuiltIn">
<var>${partner_id}</var>
<arg>${response.json()}[partner_id]</arg>
<doc>Returns the given values which can then be assigned to a variables.</doc>
<msg timestamp="20230803 00:17:12.206" level="INFO">${partner_id} = 64cb1c386a1f2be3556f9e24</msg>
<status status="PASS" starttime="20230803 00:17:12.205" endtime="20230803 00:17:12.206"/>
</kw>
<msg timestamp="20230803 00:17:12.206" level="INFO">${partner_id} = 64cb1c386a1f2be3556f9e24</msg>
<status status="PASS" starttime="20230803 00:17:10.676" endtime="20230803 00:17:12.206"/>
</kw>
<kw name="Remove Partner By Name" library="database">
<arg>${partner}[name]</arg>
<kw name="Create Dictionary" library="BuiltIn">
<var>${filter}</var>
<arg>name=${partner_name}</arg>
<doc>Creates and returns a dictionary based on the given ``items``.</doc>
<msg timestamp="20230803 00:17:12.207" level="INFO">${filter} = {'name': 'Frangão'}</msg>
<status status="PASS" starttime="20230803 00:17:12.207" endtime="20230803 00:17:12.207"/>
</kw>
<kw name="Delete One" library="RobotMongoDBLibrary.Delete">
<arg>${MONGO_URI}</arg>
<arg>${filter}</arg>
<status status="PASS" starttime="20230803 00:17:12.207" endtime="20230803 00:17:13.616"/>
</kw>
<status status="PASS" starttime="20230803 00:17:12.206" endtime="20230803 00:17:13.616"/>
</kw>
<kw name="Disable Partner" library="services">
<var>${response}</var>
<arg>${partner_id}</arg>
<kw name="PUT" library="RequestsLibrary">
<var>${response}</var>
<arg>${BASE_URL}/${partner_id}/disable</arg>
<arg>headers=${HEADERS}</arg>
<arg>expected_status=any</arg>
<doc>Sends a PUT request.</doc>
<msg timestamp="20230803 00:17:13.757" level="INFO">PUT Request : url=http://localhost:3333/partners/64cb1c386a1f2be3556f9e24/disable 
 path_url=/partners/64cb1c386a1f2be3556f9e24/disable 
 headers={'User-Agent': 'python-requests/2.28.1', 'Accept-Encoding': 'gzip, deflate', 'Accept': '*/*', 'Connection': 'keep-alive', 'Content-Type': 'application/json', 'auth_user': 'qa', 'auth_password': 'ninja', 'Content-Length': '0'} 
 body=None 
 </msg>
<msg timestamp="20230803 00:17:13.757" level="INFO">PUT Response : url=http://localhost:3333/partners/64cb1c386a1f2be3556f9e24/disable 
 status=404, reason=Not Found 
 headers={'X-Powered-By': 'Express', 'Access-Control-Allow-Origin': '*', 'Access-Control-Expose-Headers': 'Authorization,auth_user,auth_password', 'Date': 'Thu, 03 Aug 2023 03:17:13 GMT', 'Connection': 'keep-alive', 'Keep-Alive': 'timeout=5', 'Content-Length': '0'} 
 body=None 
 </msg>
<msg timestamp="20230803 00:17:13.757" level="INFO">${response} = &lt;Response [404]&gt;</msg>
<status status="PASS" starttime="20230803 00:17:13.617" endtime="20230803 00:17:13.757"/>
</kw>
<return>
<value>${response}</value>
<status status="PASS" starttime="20230803 00:17:13.757" endtime="20230803 00:17:13.757"/>
</return>
<msg timestamp="20230803 00:17:13.758" level="INFO">${response} = &lt;Response [404]&gt;</msg>
<status status="PASS" starttime="20230803 00:17:13.616" endtime="20230803 00:17:13.758"/>
</kw>
<kw name="Status Should Be" library="RequestsLibrary">
<arg>404</arg>
<doc>Fails if response status code is different than the expected.</doc>
<status status="PASS" starttime="20230803 00:17:13.758" endtime="20230803 00:17:13.758"/>
</kw>
<status status="PASS" starttime="20230803 00:17:10.675" endtime="20230803 00:17:13.758"/>
</test>
<doc>Put /partners</doc>
<status status="PASS" starttime="20230803 00:17:04.010" endtime="20230803 00:17:13.759"/>
</suite>
<suite id="s1-s6" name="testesRalph" source="C:\QAx\projects\buger-eats-partner-api-tests\tests\testesRalph.robot">
<test id="s1-s6-t1" name="Aprendendo Argumentos Name" line="7">
<kw name="My Keyword">
<arg>John</arg>
<kw name="Log" library="BuiltIn">
<arg>Hello, ${name}!</arg>
<doc>Logs the given message with the given level.</doc>
<msg timestamp="20230803 00:17:13.872" level="INFO">Hello, John!</msg>
<status status="PASS" starttime="20230803 00:17:13.872" endtime="20230803 00:17:13.872"/>
</kw>
<kw name="Log To Console" library="BuiltIn">
<arg>\nHello, ${name}!</arg>
<doc>Logs the given message to the console.</doc>
<status status="PASS" starttime="20230803 00:17:13.872" endtime="20230803 00:17:13.873"/>
</kw>
<status status="PASS" starttime="20230803 00:17:13.872" endtime="20230803 00:17:13.873"/>
</kw>
<tag>name</tag>
<status status="PASS" starttime="20230803 00:17:13.871" endtime="20230803 00:17:13.873"/>
</test>
<test id="s1-s6-t2" name="Aprendendo Argumentos Name 2" line="11">
<kw name="Minha palavrapasse">
<arg>Ralph</arg>
<kw name="Log" library="BuiltIn">
<arg>Olá ${nome}, espero que esteja bem.</arg>
<doc>Logs the given message with the given level.</doc>
<msg timestamp="20230803 00:17:13.874" level="INFO">Olá Ralph, espero que esteja bem.</msg>
<status status="PASS" starttime="20230803 00:17:13.874" endtime="20230803 00:17:13.874"/>
</kw>
<kw name="Log To Console" library="BuiltIn">
<arg>Olá ${nome}, espero que esteja bem.</arg>
<doc>Logs the given message to the console.</doc>
<status status="PASS" starttime="20230803 00:17:13.874" endtime="20230803 00:17:13.874"/>
</kw>
<status status="PASS" starttime="20230803 00:17:13.874" endtime="20230803 00:17:13.875"/>
</kw>
<tag>nome</tag>
<status status="PASS" starttime="20230803 00:17:13.874" endtime="20230803 00:17:13.875"/>
</test>
<test id="s1-s6-t3" name="Argumento Somatoria" line="15">
<kw name="Numeros somados">
<var>${resultado}</var>
<arg>15</arg>
<arg>2</arg>
<kw name="Evaluate" library="BuiltIn">
<var>${soma}</var>
<arg>${num1}+${num2}</arg>
<doc>Evaluates the given expression in Python and returns the result.</doc>
<msg timestamp="20230803 00:17:13.876" level="INFO">${soma} = 17</msg>
<status status="PASS" starttime="20230803 00:17:13.876" endtime="20230803 00:17:13.876"/>
</kw>
<return>
<value>${soma}</value>
<status status="PASS" starttime="20230803 00:17:13.876" endtime="20230803 00:17:13.876"/>
</return>
<msg timestamp="20230803 00:17:13.876" level="INFO">${resultado} = 17</msg>
<status status="PASS" starttime="20230803 00:17:13.876" endtime="20230803 00:17:13.876"/>
</kw>
<kw name="Should Be Equal As Numbers" library="BuiltIn">
<arg>${resultado}</arg>
<arg>17</arg>
<doc>Fails if objects are unequal after converting them to real numbers.</doc>
<msg timestamp="20230803 00:17:13.877" level="INFO">Argument types are:
&lt;class 'int'&gt;
&lt;class 'str'&gt;</msg>
<status status="PASS" starttime="20230803 00:17:13.876" endtime="20230803 00:17:13.877"/>
</kw>
<tag>soma</tag>
<status status="PASS" starttime="20230803 00:17:13.875" endtime="20230803 00:17:13.877"/>
</test>
<test id="s1-s6-t4" name="Argumento localizar texto" line="20">
<kw name="Open Browser" library="SeleniumLibrary">
<arg>http://localhost:3000/</arg>
<arg>Firefox</arg>
<doc>Opens a new browser instance to the optional ``url``.</doc>
<msg timestamp="20230803 00:17:13.878" level="INFO">Opening browser 'Firefox' to base url 'http://localhost:3000/'.</msg>
<msg timestamp="20230803 00:17:13.880" level="INFO">Firefox driver log is always forced to to: C:\QAx\projects\buger-eats-partner-api-tests\logs\geckodriver-36.log</msg>
<msg timestamp="20230803 00:17:24.882" level="INFO" html="true">&lt;/td&gt;&lt;/tr&gt;&lt;tr&gt;&lt;td colspan="3"&gt;&lt;a href="selenium-screenshot-11.png"&gt;&lt;img src="selenium-screenshot-11.png" width="800px"&gt;&lt;/a&gt;</msg>
<msg timestamp="20230803 00:17:24.883" level="FAIL">WebDriverException: Message: Reached error page: about:neterror?e=connectionFailure&amp;u=http%3A//localhost%3A3000/&amp;c=UTF-8&amp;d=O%20Firefox%20n%C3%A3o%20conseguiu%20estabelecer%20uma%20conex%C3%A3o%20com%20o%20servidor%20localhost%3A3000.
Stacktrace:
RemoteError@chrome://remote/content/shared/RemoteError.sys.mjs:8:8
WebDriverError@chrome://remote/content/shared/webdriver/Errors.sys.mjs:187:5
UnknownError@chrome://remote/content/shared/webdriver/Errors.sys.mjs:736:5
checkReadyState@chrome://remote/content/marionette/navigate.sys.mjs:61:24
onNavigation@chrome://remote/content/marionette/navigate.sys.mjs:329:39
emit@resource://gre/modules/EventEmitter.sys.mjs:154:20
receiveMessage@chrome://remote/content/marionette/actors/MarionetteEventsParent.sys.mjs:35:25
</msg>
<status status="FAIL" starttime="20230803 00:17:13.878" endtime="20230803 00:17:24.884"/>
</kw>
<kw name="Verificador de texto">
<arg>//strong[contains(text(), 'Quero ser parceiro')]</arg>
<arg>Quero ser parceiro</arg>
<status status="NOT RUN" starttime="20230803 00:17:24.885" endtime="20230803 00:17:24.885"/>
</kw>
<kw name="Close Browser" library="SeleniumLibrary">
<doc>Closes the current browser.</doc>
<status status="NOT RUN" starttime="20230803 00:17:24.885" endtime="20230803 00:17:24.885"/>
</kw>
<tag>ftext</tag>
<status status="FAIL" starttime="20230803 00:17:13.877" endtime="20230803 00:17:24.886">WebDriverException: Message: Reached error page: about:neterror?e=connectionFailure&amp;u=http%3A//localhost%3A3000/&amp;c=UTF-8&amp;d=O%20Firefox%20n%C3%A3o%20conseguiu%20estabelecer%20uma%20conex%C3%A3o%20com%20o%20servidor%20localhost%3A3000.
Stacktrace:
RemoteError@chrome://remote/content/shared/RemoteError.sys.mjs:8:8
WebDriverError@chrome://remote/content/shared/webdriver/Errors.sys.mjs:187:5
UnknownError@chrome://remote/content/shared/webdriver/Errors.sys.mjs:736:5
checkReadyState@chrome://remote/content/marionette/navigate.sys.mjs:61:24
onNavigation@chrome://remote/content/marionette/navigate.sys.mjs:329:39
emit@resource://gre/modules/EventEmitter.sys.mjs:154:20
receiveMessage@chrome://remote/content/marionette/actors/MarionetteEventsParent.sys.mjs:35:25
</status>
</test>
<test id="s1-s6-t5" name="Login" line="26">
<kw name="Open Browser" library="SeleniumLibrary">
<arg>https://forumoff.com</arg>
<arg>Firefox</arg>
<doc>Opens a new browser instance to the optional ``url``.</doc>
<msg timestamp="20230803 00:17:24.888" level="INFO">Opening browser 'Firefox' to base url 'https://forumoff.com'.</msg>
<msg timestamp="20230803 00:17:24.889" level="INFO">Firefox driver log is always forced to to: C:\QAx\projects\buger-eats-partner-api-tests\logs\geckodriver-37.log</msg>
<status status="PASS" starttime="20230803 00:17:24.887" endtime="20230803 00:17:31.740"/>
</kw>
<kw name="Fazer Login">
<arg>maradona</arg>
<arg>senhaqui</arg>
<kw name="Input Text" library="SeleniumLibrary">
<arg>id=auth</arg>
<arg>${nome}</arg>
<doc>Types the given ``text`` into the text field identified by ``locator``.</doc>
<msg timestamp="20230803 00:17:31.742" level="INFO">Typing text 'maradona' into text field 'id=auth'.</msg>
<status status="PASS" starttime="20230803 00:17:31.741" endtime="20230803 00:17:31.763"/>
</kw>
<kw name="Input Text" library="SeleniumLibrary">
<arg>id=password</arg>
<arg>${senha}</arg>
<doc>Types the given ``text`` into the text field identified by ``locator``.</doc>
<msg timestamp="20230803 00:17:31.764" level="INFO">Typing text 'senhaqui' into text field 'id=password'.</msg>
<status status="PASS" starttime="20230803 00:17:31.763" endtime="20230803 00:17:31.772"/>
</kw>
<kw name="Click Button" library="SeleniumLibrary">
<arg>name=_processLogin</arg>
<doc>Clicks the button identified by ``locator``.</doc>
<msg timestamp="20230803 00:17:31.772" level="INFO">Clicking button 'name=_processLogin'.</msg>
<status status="PASS" starttime="20230803 00:17:31.772" endtime="20230803 00:17:32.599"/>
</kw>
<status status="PASS" starttime="20230803 00:17:31.740" endtime="20230803 00:17:32.599"/>
</kw>
<kw name="Close Browser" library="SeleniumLibrary">
<doc>Closes the current browser.</doc>
<status status="PASS" starttime="20230803 00:17:32.599" endtime="20230803 00:17:33.172"/>
</kw>
<tag>loginoff</tag>
<status status="PASS" starttime="20230803 00:17:24.887" endtime="20230803 00:17:33.173"/>
</test>
<test id="s1-s6-t6" name="Validar media" line="32">
<kw name="Calcular media entre 3 numeros">
<var>${media}</var>
<arg>9</arg>
<arg>2</arg>
<arg>19</arg>
<kw name="Evaluate" library="BuiltIn">
<var>${media}</var>
<arg>(${num1} + ${num2} + ${num3}) / 3</arg>
<doc>Evaluates the given expression in Python and returns the result.</doc>
<msg timestamp="20230803 00:17:33.175" level="INFO">${media} = 10.0</msg>
<status status="PASS" starttime="20230803 00:17:33.174" endtime="20230803 00:17:33.175"/>
</kw>
<return>
<value>${media}</value>
<status status="PASS" starttime="20230803 00:17:33.175" endtime="20230803 00:17:33.175"/>
</return>
<msg timestamp="20230803 00:17:33.175" level="INFO">${media} = 10.0</msg>
<status status="PASS" starttime="20230803 00:17:33.174" endtime="20230803 00:17:33.175"/>
</kw>
<kw name="Log To Console" library="BuiltIn">
<arg>\nMédia é: ${media}</arg>
<doc>Logs the given message to the console.</doc>
<status status="PASS" starttime="20230803 00:17:33.175" endtime="20230803 00:17:33.175"/>
</kw>
<kw name="Should Be Equal As Numbers" library="BuiltIn">
<arg>${media}</arg>
<arg>10</arg>
<doc>Fails if objects are unequal after converting them to real numbers.</doc>
<msg timestamp="20230803 00:17:33.176" level="INFO">Argument types are:
&lt;class 'float'&gt;
&lt;class 'str'&gt;</msg>
<status status="PASS" starttime="20230803 00:17:33.175" endtime="20230803 00:17:33.176"/>
</kw>
<tag>media</tag>
<status status="PASS" starttime="20230803 00:17:33.174" endtime="20230803 00:17:33.176"/>
</test>
<test id="s1-s6-t7" name="Validar Palindromo" line="38">
<kw name="Palindromo">
<arg>radar</arg>
<kw name="Evaluate" library="BuiltIn">
<var>${inverter_texto}</var>
<arg>'${texto}'[::-1]</arg>
<doc>Evaluates the given expression in Python and returns the result.</doc>
<msg timestamp="20230803 00:17:33.177" level="INFO">${inverter_texto} = radar</msg>
<status status="PASS" starttime="20230803 00:17:33.177" endtime="20230803 00:17:33.177"/>
</kw>
<if>
<branch type="IF" condition="'${texto}' == '${inverter_texto}'">
<kw name="Log To Console" library="BuiltIn">
<arg>\n${texto} é palindromo</arg>
<doc>Logs the given message to the console.</doc>
<status status="PASS" starttime="20230803 00:17:33.177" endtime="20230803 00:17:33.178"/>
</kw>
<status status="PASS" starttime="20230803 00:17:33.177" endtime="20230803 00:17:33.178"/>
</branch>
<branch type="ELSE">
<kw name="Log To Console" library="BuiltIn">
<arg>\n${texto} não é palindromo</arg>
<doc>Logs the given message to the console.</doc>
<status status="NOT RUN" starttime="20230803 00:17:33.178" endtime="20230803 00:17:33.178"/>
</kw>
<status status="NOT RUN" starttime="20230803 00:17:33.178" endtime="20230803 00:17:33.178"/>
</branch>
<status status="PASS" starttime="20230803 00:17:33.177" endtime="20230803 00:17:33.178"/>
</if>
<status status="PASS" starttime="20230803 00:17:33.177" endtime="20230803 00:17:33.178"/>
</kw>
<kw name="Palindromo">
<arg>robot</arg>
<kw name="Evaluate" library="BuiltIn">
<var>${inverter_texto}</var>
<arg>'${texto}'[::-1]</arg>
<doc>Evaluates the given expression in Python and returns the result.</doc>
<msg timestamp="20230803 00:17:33.179" level="INFO">${inverter_texto} = tobor</msg>
<status status="PASS" starttime="20230803 00:17:33.178" endtime="20230803 00:17:33.179"/>
</kw>
<if>
<branch type="IF" condition="'${texto}' == '${inverter_texto}'">
<kw name="Log To Console" library="BuiltIn">
<arg>\n${texto} é palindromo</arg>
<doc>Logs the given message to the console.</doc>
<status status="NOT RUN" starttime="20230803 00:17:33.179" endtime="20230803 00:17:33.179"/>
</kw>
<status status="NOT RUN" starttime="20230803 00:17:33.179" endtime="20230803 00:17:33.179"/>
</branch>
<branch type="ELSE">
<kw name="Log To Console" library="BuiltIn">
<arg>\n${texto} não é palindromo</arg>
<doc>Logs the given message to the console.</doc>
<status status="PASS" starttime="20230803 00:17:33.179" endtime="20230803 00:17:33.179"/>
</kw>
<status status="PASS" starttime="20230803 00:17:33.179" endtime="20230803 00:17:33.179"/>
</branch>
<status status="PASS" starttime="20230803 00:17:33.179" endtime="20230803 00:17:33.179"/>
</if>
<status status="PASS" starttime="20230803 00:17:33.178" endtime="20230803 00:17:33.179"/>
</kw>
<tag>palindromo</tag>
<status status="PASS" starttime="20230803 00:17:33.176" endtime="20230803 00:17:33.179"/>
</test>
<test id="s1-s6-t8" name="Navegar ForumOFF" line="43">
<kw name="Open Browser" library="SeleniumLibrary">
<arg>https://forumoff.com</arg>
<arg>Firefox</arg>
<doc>Opens a new browser instance to the optional ``url``.</doc>
<msg timestamp="20230803 00:17:33.180" level="INFO">Opening browser 'Firefox' to base url 'https://forumoff.com'.</msg>
<msg timestamp="20230803 00:17:33.182" level="INFO">Firefox driver log is always forced to to: C:\QAx\projects\buger-eats-partner-api-tests\logs\geckodriver-38.log</msg>
<status status="PASS" starttime="20230803 00:17:33.180" endtime="20230803 00:17:39.858"/>
</kw>
<kw name="Maximize Browser Window" library="SeleniumLibrary">
<doc>Maximizes current browser window.</doc>
<status status="PASS" starttime="20230803 00:17:39.858" endtime="20230803 00:17:40.114"/>
</kw>
<kw name="Fazer Login">
<arg>maradona</arg>
<arg>R@lph51!</arg>
<kw name="Input Text" library="SeleniumLibrary">
<arg>id=auth</arg>
<arg>${nome}</arg>
<doc>Types the given ``text`` into the text field identified by ``locator``.</doc>
<msg timestamp="20230803 00:17:40.115" level="INFO">Typing text 'maradona' into text field 'id=auth'.</msg>
<status status="PASS" starttime="20230803 00:17:40.115" endtime="20230803 00:17:40.138"/>
</kw>
<kw name="Input Text" library="SeleniumLibrary">
<arg>id=password</arg>
<arg>${senha}</arg>
<doc>Types the given ``text`` into the text field identified by ``locator``.</doc>
<msg timestamp="20230803 00:17:40.138" level="INFO">Typing text 'R@lph51!' into text field 'id=password'.</msg>
<status status="PASS" starttime="20230803 00:17:40.138" endtime="20230803 00:17:40.146"/>
</kw>
<kw name="Click Button" library="SeleniumLibrary">
<arg>name=_processLogin</arg>
<doc>Clicks the button identified by ``locator``.</doc>
<msg timestamp="20230803 00:17:40.147" level="INFO">Clicking button 'name=_processLogin'.</msg>
<status status="PASS" starttime="20230803 00:17:40.146" endtime="20230803 00:17:42.194"/>
</kw>
<status status="PASS" starttime="20230803 00:17:40.115" endtime="20230803 00:17:42.194"/>
</kw>
<kw name="Acessar menu">
<arg>Meus Anexos</arg>
<kw name="Wait Until Element Is Visible" library="SeleniumLibrary">
<arg>//a[@id='elUserLink']</arg>
<arg>timeout=30</arg>
<doc>Waits until the element ``locator`` is visible.</doc>
<status status="PASS" starttime="20230803 00:17:42.195" endtime="20230803 00:17:42.240"/>
</kw>
<kw name="Element Should Be Visible" library="SeleniumLibrary">
<arg>//a[@id='elUserLink']</arg>
<doc>Verifies that the element identified by ``locator`` is visible.</doc>
<msg timestamp="20230803 00:17:42.270" level="INFO">Element '//a[@id='elUserLink']' is displayed.</msg>
<status status="PASS" starttime="20230803 00:17:42.240" endtime="20230803 00:17:42.270"/>
</kw>
<kw name="Click Element" library="SeleniumLibrary">
<arg>//a[@id='elUserLink']</arg>
<doc>Click the element identified by ``locator``.</doc>
<msg timestamp="20230803 00:17:42.270" level="INFO">Clicking element '//a[@id='elUserLink']'.</msg>
<status status="PASS" starttime="20230803 00:17:42.270" endtime="20230803 00:17:42.493"/>
</kw>
<kw name="Wait Until Element Is Visible" library="SeleniumLibrary">
<arg>//ul[@id='elUserLink_menu']//li/a[contains(text(), '? ${nomeMenu}')]</arg>
<arg>timeout=30</arg>
<doc>Waits until the element ``locator`` is visible.</doc>
<status status="PASS" starttime="20230803 00:17:42.493" endtime="20230803 00:17:42.508"/>
</kw>
<kw name="Element Should Be Visible" library="SeleniumLibrary">
<arg>//ul[@id='elUserLink_menu']//li/a[contains(text(), '? ${nomeMenu}')]</arg>
<doc>Verifies that the element identified by ``locator`` is visible.</doc>
<msg timestamp="20230803 00:17:42.515" level="INFO">Element '//ul[@id='elUserLink_menu']//li/a[contains(text(), '? Meus Anexos')]' is displayed.</msg>
<status status="PASS" starttime="20230803 00:17:42.508" endtime="20230803 00:17:42.515"/>
</kw>
<kw name="Click Element" library="SeleniumLibrary">
<arg>//ul[@id='elUserLink_menu']//li/a[contains(text(), '? ${nomeMenu}')]</arg>
<doc>Click the element identified by ``locator``.</doc>
<msg timestamp="20230803 00:17:42.516" level="INFO">Clicking element '//ul[@id='elUserLink_menu']//li/a[contains(text(), '? Meus Anexos')]'.</msg>
<status status="PASS" starttime="20230803 00:17:42.516" endtime="20230803 00:17:44.000"/>
</kw>
<status status="PASS" starttime="20230803 00:17:42.195" endtime="20230803 00:17:44.000"/>
</kw>
<kw name="Close Browser" library="SeleniumLibrary">
<doc>Closes the current browser.</doc>
<status status="PASS" starttime="20230803 00:17:44.001" endtime="20230803 00:17:44.592"/>
</kw>
<tag>menuoff</tag>
<status status="PASS" starttime="20230803 00:17:33.180" endtime="20230803 00:17:44.592"/>
</test>
<status status="FAIL" starttime="20230803 00:17:13.760" endtime="20230803 00:17:44.593"/>
</suite>
<status status="FAIL" starttime="20230803 00:16:52.080" endtime="20230803 00:17:44.594"/>
</suite>
<statistics>
<total>
<stat pass="19" fail="1" skip="0">All Tests</stat>
</total>
<tag>
<stat pass="1" fail="0" skip="0">bugs</stat>
<stat pass="0" fail="1" skip="0">ftext</stat>
<stat pass="1" fail="0" skip="0">get</stat>
<stat pass="1" fail="0" skip="0">happy</stat>
<stat pass="1" fail="0" skip="0">loginoff</stat>
<stat pass="1" fail="0" skip="0">media</stat>
<stat pass="1" fail="0" skip="0">menuoff</stat>
<stat pass="1" fail="0" skip="0">name</stat>
<stat pass="1" fail="0" skip="0">nome</stat>
<stat pass="1" fail="0" skip="0">palindromo</stat>
<stat pass="1" fail="0" skip="0">post</stat>
<stat pass="1" fail="0" skip="0">soma</stat>
</tag>
<suite>
<stat pass="19" fail="1" skip="0" id="s1" name="Tests">Tests</stat>
<stat pass="2" fail="0" skip="0" id="s1-s1" name="argumentsAPI">Tests.argumentsAPI</stat>
<stat pass="2" fail="0" skip="0" id="s1-s2" name="Delete">Tests.Delete</stat>
<stat pass="2" fail="0" skip="0" id="s1-s3" name="Get">Tests.Get</stat>
<stat pass="2" fail="0" skip="0" id="s1-s4" name="Post">Tests.Post</stat>
<stat pass="4" fail="0" skip="0" id="s1-s5" name="Put">Tests.Put</stat>
<stat pass="7" fail="1" skip="0" id="s1-s6" name="testesRalph">Tests.testesRalph</stat>
</suite>
</statistics>
<errors>
</errors>
</robot>
